<?xml version="1.0" encoding="UTF-8"?>
<!-- Generated by org.testng.reporters.JUnitXMLReporter -->
<testsuite hostname="DESKTOP-H4OO3GB" ignored="0" name="Test" tests="10" failures="10" timestamp="2023-05-18T17:15:18 IST" time="0.746" errors="0">
  <testcase name="ShareTheBook" time="0.49" classname="com.qualitrrix.test.BookScenarioSanity">
    <failure type="java.lang.IllegalArgumentException" message="Can not set io.appium.java_client.MobileElement field com.qualitrix.pageObjects.DikshaMainPageObjects.sltLang to org.openqa.selenium.remote.RemoteWebElement$$EnhancerByCGLIB$$d27c0df4">
      <![CDATA[java.lang.IllegalArgumentException: Can not set io.appium.java_client.MobileElement field com.qualitrix.pageObjects.DikshaMainPageObjects.sltLang to org.openqa.selenium.remote.RemoteWebElement$$EnhancerByCGLIB$$d27c0df4
at org.openqa.selenium.support.PageFactory.proxyFields(PageFactory.java:117)
at org.openqa.selenium.support.PageFactory.initElements(PageFactory.java:105)
at com.qualitrix.pageActions.DikshaMainPageActions.<init>(DikshaMainPageActions.java:35)
at com.qualitrrix.test.BookScenarioSanity.getDikshaMainPageActions(BookScenarioSanity.java:23)
at com.qualitrrix.test.BookScenarioSanity.ShareTheBook(BookScenarioSanity.java:257)
at java.util.ArrayList.forEach(ArrayList.java:1259)
at java.util.concurrent.FutureTask.run(FutureTask.java:266)
at java.util.concurrent.ThreadPoolExecutor.runWorker(ThreadPoolExecutor.java:1149)
at java.util.concurrent.ThreadPoolExecutor$Worker.run(ThreadPoolExecutor.java:624)
at java.lang.Thread.run(Thread.java:748)
... Removed 22 stack frames]]>
    </failure>
  </testcase> <!-- ShareTheBook -->
  <testcase name="creditLicenseInfoSecInBookTOCpage" time="0.006" classname="com.qualitrrix.test.BookScenarioSanity">
    <failure type="java.lang.IllegalArgumentException" message="Can not set io.appium.java_client.MobileElement field com.qualitrix.pageObjects.DikshaMainPageObjects.sltLang to org.openqa.selenium.remote.RemoteWebElement$$EnhancerByCGLIB$$d27c0df4">
      <![CDATA[java.lang.IllegalArgumentException: Can not set io.appium.java_client.MobileElement field com.qualitrix.pageObjects.DikshaMainPageObjects.sltLang to org.openqa.selenium.remote.RemoteWebElement$$EnhancerByCGLIB$$d27c0df4
at org.openqa.selenium.support.PageFactory.proxyFields(PageFactory.java:117)
at org.openqa.selenium.support.PageFactory.initElements(PageFactory.java:105)
at com.qualitrix.pageActions.DikshaMainPageActions.<init>(DikshaMainPageActions.java:35)
at com.qualitrrix.test.BookScenarioSanity.getDikshaMainPageActions(BookScenarioSanity.java:23)
at com.qualitrrix.test.BookScenarioSanity.creditLicenseInfoSecInBookTOCpage(BookScenarioSanity.java:227)
at java.util.ArrayList.forEach(ArrayList.java:1259)
at java.util.concurrent.FutureTask.run(FutureTask.java:266)
at java.util.concurrent.ThreadPoolExecutor.runWorker(ThreadPoolExecutor.java:1149)
at java.util.concurrent.ThreadPoolExecutor$Worker.run(ThreadPoolExecutor.java:624)
at java.lang.Thread.run(Thread.java:748)
... Removed 22 stack frames]]>
    </failure>
  </testcase> <!-- creditLicenseInfoSecInBookTOCpage -->
  <testcase name="giveRatingAfterBookConsumption" time="0.008" classname="com.qualitrrix.test.BookScenarioSanity">
    <failure type="java.lang.IllegalArgumentException" message="Can not set io.appium.java_client.MobileElement field com.qualitrix.pageObjects.DikshaMainPageObjects.sltLang to org.openqa.selenium.remote.RemoteWebElement$$EnhancerByCGLIB$$d27c0df4">
      <![CDATA[java.lang.IllegalArgumentException: Can not set io.appium.java_client.MobileElement field com.qualitrix.pageObjects.DikshaMainPageObjects.sltLang to org.openqa.selenium.remote.RemoteWebElement$$EnhancerByCGLIB$$d27c0df4
at org.openqa.selenium.support.PageFactory.proxyFields(PageFactory.java:117)
at org.openqa.selenium.support.PageFactory.initElements(PageFactory.java:105)
at com.qualitrix.pageActions.DikshaMainPageActions.<init>(DikshaMainPageActions.java:35)
at com.qualitrrix.test.BookScenarioSanity.getDikshaMainPageActions(BookScenarioSanity.java:23)
at com.qualitrrix.test.BookScenarioSanity.giveRatingAfterBookConsumption(BookScenarioSanity.java:188)
at java.util.ArrayList.forEach(ArrayList.java:1259)
at java.util.concurrent.FutureTask.run(FutureTask.java:266)
at java.util.concurrent.ThreadPoolExecutor.runWorker(ThreadPoolExecutor.java:1149)
at java.util.concurrent.ThreadPoolExecutor$Worker.run(ThreadPoolExecutor.java:624)
at java.lang.Thread.run(Thread.java:748)
... Removed 22 stack frames]]>
    </failure>
  </testcase> <!-- giveRatingAfterBookConsumption -->
  <testcase name="libraySearchFilter" time="0.022" classname="com.qualitrrix.test.BookScenarioSanity">
    <failure type="java.lang.IllegalArgumentException" message="Can not set io.appium.java_client.MobileElement field com.qualitrix.pageObjects.DikshaMainPageObjects.sltLang to org.openqa.selenium.remote.RemoteWebElement$$EnhancerByCGLIB$$d27c0df4">
      <![CDATA[java.lang.IllegalArgumentException: Can not set io.appium.java_client.MobileElement field com.qualitrix.pageObjects.DikshaMainPageObjects.sltLang to org.openqa.selenium.remote.RemoteWebElement$$EnhancerByCGLIB$$d27c0df4
at org.openqa.selenium.support.PageFactory.proxyFields(PageFactory.java:117)
at org.openqa.selenium.support.PageFactory.initElements(PageFactory.java:105)
at com.qualitrix.pageActions.DikshaMainPageActions.<init>(DikshaMainPageActions.java:35)
at com.qualitrrix.test.BookScenarioSanity.getDikshaMainPageActions(BookScenarioSanity.java:23)
at com.qualitrrix.test.BookScenarioSanity.libraySearchFilter(BookScenarioSanity.java:133)
at java.util.ArrayList.forEach(ArrayList.java:1259)
at java.util.concurrent.FutureTask.run(FutureTask.java:266)
at java.util.concurrent.ThreadPoolExecutor.runWorker(ThreadPoolExecutor.java:1149)
at java.util.concurrent.ThreadPoolExecutor$Worker.run(ThreadPoolExecutor.java:624)
at java.lang.Thread.run(Thread.java:748)
... Removed 22 stack frames]]>
    </failure>
  </testcase> <!-- libraySearchFilter -->
  <testcase name="resourceSearchAndVerify" time="0.007" classname="com.qualitrrix.test.BookScenarioSanity">
    <failure type="java.lang.IllegalArgumentException" message="Can not set io.appium.java_client.MobileElement field com.qualitrix.pageObjects.DikshaMainPageObjects.sltLang to org.openqa.selenium.remote.RemoteWebElement$$EnhancerByCGLIB$$d27c0df4">
      <![CDATA[java.lang.IllegalArgumentException: Can not set io.appium.java_client.MobileElement field com.qualitrix.pageObjects.DikshaMainPageObjects.sltLang to org.openqa.selenium.remote.RemoteWebElement$$EnhancerByCGLIB$$d27c0df4
at org.openqa.selenium.support.PageFactory.proxyFields(PageFactory.java:117)
at org.openqa.selenium.support.PageFactory.initElements(PageFactory.java:105)
at com.qualitrix.pageActions.DikshaMainPageActions.<init>(DikshaMainPageActions.java:35)
at com.qualitrrix.test.BookScenarioSanity.getDikshaMainPageActions(BookScenarioSanity.java:23)
at com.qualitrrix.test.BookScenarioSanity.resourceSearchAndVerify(BookScenarioSanity.java:292)
at java.util.ArrayList.forEach(ArrayList.java:1259)
at java.util.concurrent.FutureTask.run(FutureTask.java:266)
at java.util.concurrent.ThreadPoolExecutor.runWorker(ThreadPoolExecutor.java:1149)
at java.util.concurrent.ThreadPoolExecutor$Worker.run(ThreadPoolExecutor.java:624)
at java.lang.Thread.run(Thread.java:748)
... Removed 22 stack frames]]>
    </failure>
  </testcase> <!-- resourceSearchAndVerify -->
  <testcase name="userAbleToSltLangAndUserOnBoardingDetails" time="0.009" classname="com.qualitrrix.test.BookScenarioSanity">
    <failure type="java.lang.IllegalArgumentException" message="Can not set io.appium.java_client.MobileElement field com.qualitrix.pageObjects.DikshaMainPageObjects.sltLang to org.openqa.selenium.remote.RemoteWebElement$$EnhancerByCGLIB$$d27c0df4">
      <![CDATA[java.lang.IllegalArgumentException: Can not set io.appium.java_client.MobileElement field com.qualitrix.pageObjects.DikshaMainPageObjects.sltLang to org.openqa.selenium.remote.RemoteWebElement$$EnhancerByCGLIB$$d27c0df4
at org.openqa.selenium.support.PageFactory.proxyFields(PageFactory.java:117)
at org.openqa.selenium.support.PageFactory.initElements(PageFactory.java:105)
at com.qualitrix.pageActions.DikshaMainPageActions.<init>(DikshaMainPageActions.java:35)
at com.qualitrrix.test.BookScenarioSanity.getDikshaMainPageActions(BookScenarioSanity.java:23)
at com.qualitrrix.test.BookScenarioSanity.userAbleToSltLangAndUserOnBoardingDetails(BookScenarioSanity.java:71)
at java.util.ArrayList.forEach(ArrayList.java:1259)
at java.util.concurrent.FutureTask.run(FutureTask.java:266)
at java.util.concurrent.ThreadPoolExecutor.runWorker(ThreadPoolExecutor.java:1149)
at java.util.concurrent.ThreadPoolExecutor$Worker.run(ThreadPoolExecutor.java:624)
at java.lang.Thread.run(Thread.java:748)
... Removed 22 stack frames]]>
    </failure>
  </testcase> <!-- userAbleToSltLangAndUserOnBoardingDetails -->
  <testcase name="verifyBookDownload" time="0.013" classname="com.qualitrrix.test.BookScenarioSanity">
    <failure type="java.lang.IllegalArgumentException" message="Can not set io.appium.java_client.MobileElement field com.qualitrix.pageObjects.DikshaMainPageObjects.sltLang to org.openqa.selenium.remote.RemoteWebElement$$EnhancerByCGLIB$$d27c0df4">
      <![CDATA[java.lang.IllegalArgumentException: Can not set io.appium.java_client.MobileElement field com.qualitrix.pageObjects.DikshaMainPageObjects.sltLang to org.openqa.selenium.remote.RemoteWebElement$$EnhancerByCGLIB$$d27c0df4
at org.openqa.selenium.support.PageFactory.proxyFields(PageFactory.java:117)
at org.openqa.selenium.support.PageFactory.initElements(PageFactory.java:105)
at com.qualitrix.pageActions.DikshaMainPageActions.<init>(DikshaMainPageActions.java:35)
at com.qualitrrix.test.BookScenarioSanity.getDikshaMainPageActions(BookScenarioSanity.java:23)
at com.qualitrrix.test.BookScenarioSanity.verifyBookDownload(BookScenarioSanity.java:153)
at java.util.ArrayList.forEach(ArrayList.java:1259)
at java.util.concurrent.FutureTask.run(FutureTask.java:266)
at java.util.concurrent.ThreadPoolExecutor.runWorker(ThreadPoolExecutor.java:1149)
at java.util.concurrent.ThreadPoolExecutor$Worker.run(ThreadPoolExecutor.java:624)
at java.lang.Thread.run(Thread.java:748)
... Removed 22 stack frames]]>
    </failure>
  </testcase> <!-- verifyBookDownload -->
  <testcase name="verifyLibrarySection" time="0.006" classname="com.qualitrrix.test.BookScenarioSanity">
    <failure type="java.lang.IllegalArgumentException" message="Can not set io.appium.java_client.MobileElement field com.qualitrix.pageObjects.DikshaMainPageObjects.sltLang to org.openqa.selenium.remote.RemoteWebElement$$EnhancerByCGLIB$$d27c0df4">
      <![CDATA[java.lang.IllegalArgumentException: Can not set io.appium.java_client.MobileElement field com.qualitrix.pageObjects.DikshaMainPageObjects.sltLang to org.openqa.selenium.remote.RemoteWebElement$$EnhancerByCGLIB$$d27c0df4
at org.openqa.selenium.support.PageFactory.proxyFields(PageFactory.java:117)
at org.openqa.selenium.support.PageFactory.initElements(PageFactory.java:105)
at com.qualitrix.pageActions.DikshaMainPageActions.<init>(DikshaMainPageActions.java:35)
at com.qualitrrix.test.BookScenarioSanity.getDikshaMainPageActions(BookScenarioSanity.java:23)
at com.qualitrrix.test.BookScenarioSanity.verifyLibrarySection(BookScenarioSanity.java:93)
at java.util.ArrayList.forEach(ArrayList.java:1259)
at java.util.concurrent.FutureTask.run(FutureTask.java:266)
at java.util.concurrent.ThreadPoolExecutor.runWorker(ThreadPoolExecutor.java:1149)
at java.util.concurrent.ThreadPoolExecutor$Worker.run(ThreadPoolExecutor.java:624)
at java.lang.Thread.run(Thread.java:748)
... Removed 22 stack frames]]>
    </failure>
  </testcase> <!-- verifyLibrarySection -->
  <testcase name="verifySeeMoreBooksContent" time="0.003" classname="com.qualitrrix.test.BookScenarioSanity">
    <failure type="java.lang.IllegalArgumentException" message="Can not set io.appium.java_client.MobileElement field com.qualitrix.pageObjects.DikshaMainPageObjects.sltLang to org.openqa.selenium.remote.RemoteWebElement$$EnhancerByCGLIB$$d27c0df4">
      <![CDATA[java.lang.IllegalArgumentException: Can not set io.appium.java_client.MobileElement field com.qualitrix.pageObjects.DikshaMainPageObjects.sltLang to org.openqa.selenium.remote.RemoteWebElement$$EnhancerByCGLIB$$d27c0df4
at org.openqa.selenium.support.PageFactory.proxyFields(PageFactory.java:117)
at org.openqa.selenium.support.PageFactory.initElements(PageFactory.java:105)
at com.qualitrix.pageActions.DikshaMainPageActions.<init>(DikshaMainPageActions.java:35)
at com.qualitrrix.test.BookScenarioSanity.getDikshaMainPageActions(BookScenarioSanity.java:23)
at com.qualitrrix.test.BookScenarioSanity.verifySeeMoreBooksContent(BookScenarioSanity.java:117)
at java.util.ArrayList.forEach(ArrayList.java:1259)
at java.util.concurrent.FutureTask.run(FutureTask.java:266)
at java.util.concurrent.ThreadPoolExecutor.runWorker(ThreadPoolExecutor.java:1149)
at java.util.concurrent.ThreadPoolExecutor$Worker.run(ThreadPoolExecutor.java:624)
at java.lang.Thread.run(Thread.java:748)
... Removed 22 stack frames]]>
    </failure>
  </testcase> <!-- verifySeeMoreBooksContent -->
  <testcase name="verifyUserAbleToStreamBookContentsOnline" time="0.006" classname="com.qualitrrix.test.BookScenarioSanity">
    <failure type="java.lang.IllegalArgumentException" message="Can not set io.appium.java_client.MobileElement field com.qualitrix.pageObjects.DikshaMainPageObjects.sltLang to org.openqa.selenium.remote.RemoteWebElement$$EnhancerByCGLIB$$d27c0df4">
      <![CDATA[java.lang.IllegalArgumentException: Can not set io.appium.java_client.MobileElement field com.qualitrix.pageObjects.DikshaMainPageObjects.sltLang to org.openqa.selenium.remote.RemoteWebElement$$EnhancerByCGLIB$$d27c0df4
at org.openqa.selenium.support.PageFactory.proxyFields(PageFactory.java:117)
at org.openqa.selenium.support.PageFactory.initElements(PageFactory.java:105)
at com.qualitrix.pageActions.DikshaMainPageActions.<init>(DikshaMainPageActions.java:35)
at com.qualitrrix.test.BookScenarioSanity.getDikshaMainPageActions(BookScenarioSanity.java:23)
at com.qualitrrix.test.BookScenarioSanity.verifyUserAbleToStreamBookContentsOnline(BookScenarioSanity.java:361)
at java.util.ArrayList.forEach(ArrayList.java:1259)
at java.util.concurrent.FutureTask.run(FutureTask.java:266)
at java.util.concurrent.ThreadPoolExecutor.runWorker(ThreadPoolExecutor.java:1149)
at java.util.concurrent.ThreadPoolExecutor$Worker.run(ThreadPoolExecutor.java:624)
at java.lang.Thread.run(Thread.java:748)
... Removed 22 stack frames]]>
    </failure>
  </testcase> <!-- verifyUserAbleToStreamBookContentsOnline -->
</testsuite> <!-- Test -->
