<?xml version="1.0" encoding="UTF-8"?>
<!-- Generated by org.testng.reporters.JUnitXMLReporter -->
<testsuite hostname="DESKTOP-H4OO3GB" ignored="0" name="Test" tests="94" failures="88" timestamp="2023-08-14T20:28:11 IST" time="2.989" errors="0">
  <testcase name="AddActivitsInGroup" time="0.473" classname="com.qualitrrix.test.regression.CourseConsumption">
    <failure type="java.lang.IllegalArgumentException" message="Can not set io.appium.java_client.MobileElement field com.qualitrix.pageObjects.DikshaMainPageObjects.sltLang to org.openqa.selenium.remote.RemoteWebElement$$EnhancerByCGLIB$$d27c0df4">
      <![CDATA[java.lang.IllegalArgumentException: Can not set io.appium.java_client.MobileElement field com.qualitrix.pageObjects.DikshaMainPageObjects.sltLang to org.openqa.selenium.remote.RemoteWebElement$$EnhancerByCGLIB$$d27c0df4
at org.openqa.selenium.support.PageFactory.proxyFields(PageFactory.java:117)
at org.openqa.selenium.support.PageFactory.initElements(PageFactory.java:105)
at com.qualitrix.pageActions.DikshaMainPageActions.<init>(DikshaMainPageActions.java:38)
at com.qualitrrix.test.regression.CourseConsumption.getDikshaMainPageActions(CourseConsumption.java:23)
at com.qualitrrix.test.regression.CourseConsumption.AddActivitsInGroup(CourseConsumption.java:1399)
at java.util.ArrayList.forEach(ArrayList.java:1259)
at java.util.concurrent.FutureTask.run(FutureTask.java:266)
at java.util.concurrent.ThreadPoolExecutor.runWorker(ThreadPoolExecutor.java:1149)
at java.util.concurrent.ThreadPoolExecutor$Worker.run(ThreadPoolExecutor.java:624)
at java.lang.Thread.run(Thread.java:748)
... Removed 22 stack frames]]>
    </failure>
  </testcase> <!-- AddActivitsInGroup -->
  <testcase name="AnonymousUserFilterApplyInTrainingTab" time="0.006" classname="com.qualitrrix.test.regression.CourseConsumption">
    <failure type="java.lang.IllegalArgumentException" message="Can not set io.appium.java_client.MobileElement field com.qualitrix.pageObjects.DikshaMainPageObjects.sltLang to org.openqa.selenium.remote.RemoteWebElement$$EnhancerByCGLIB$$d27c0df4">
      <![CDATA[java.lang.IllegalArgumentException: Can not set io.appium.java_client.MobileElement field com.qualitrix.pageObjects.DikshaMainPageObjects.sltLang to org.openqa.selenium.remote.RemoteWebElement$$EnhancerByCGLIB$$d27c0df4
at org.openqa.selenium.support.PageFactory.proxyFields(PageFactory.java:117)
at org.openqa.selenium.support.PageFactory.initElements(PageFactory.java:105)
at com.qualitrix.pageActions.DikshaMainPageActions.<init>(DikshaMainPageActions.java:38)
at com.qualitrrix.test.regression.CourseConsumption.getDikshaMainPageActions(CourseConsumption.java:23)
at com.qualitrrix.test.regression.CourseConsumption.AnonymousUserFilterApplyInTrainingTab(CourseConsumption.java:1298)
at java.util.ArrayList.forEach(ArrayList.java:1259)
at java.util.concurrent.FutureTask.run(FutureTask.java:266)
at java.util.concurrent.ThreadPoolExecutor.runWorker(ThreadPoolExecutor.java:1149)
at java.util.concurrent.ThreadPoolExecutor$Worker.run(ThreadPoolExecutor.java:624)
at java.lang.Thread.run(Thread.java:748)
... Removed 22 stack frames]]>
    </failure>
  </testcase> <!-- AnonymousUserFilterApplyInTrainingTab -->
  <testcase name="CourseTOCPageVerify" time="0.008" classname="com.qualitrrix.test.regression.CourseConsumption">
    <failure type="java.lang.IllegalArgumentException" message="Can not set io.appium.java_client.MobileElement field com.qualitrix.pageObjects.DikshaMainPageObjects.sltLang to org.openqa.selenium.remote.RemoteWebElement$$EnhancerByCGLIB$$d27c0df4">
      <![CDATA[java.lang.IllegalArgumentException: Can not set io.appium.java_client.MobileElement field com.qualitrix.pageObjects.DikshaMainPageObjects.sltLang to org.openqa.selenium.remote.RemoteWebElement$$EnhancerByCGLIB$$d27c0df4
at org.openqa.selenium.support.PageFactory.proxyFields(PageFactory.java:117)
at org.openqa.selenium.support.PageFactory.initElements(PageFactory.java:105)
at com.qualitrix.pageActions.DikshaMainPageActions.<init>(DikshaMainPageActions.java:38)
at com.qualitrrix.test.regression.CourseConsumption.getDikshaMainPageActions(CourseConsumption.java:23)
at com.qualitrrix.test.regression.CourseConsumption.CourseTOCPageVerify(CourseConsumption.java:1236)
at java.util.ArrayList.forEach(ArrayList.java:1259)
at java.util.concurrent.FutureTask.run(FutureTask.java:266)
at java.util.concurrent.ThreadPoolExecutor.runWorker(ThreadPoolExecutor.java:1149)
at java.util.concurrent.ThreadPoolExecutor$Worker.run(ThreadPoolExecutor.java:624)
at java.lang.Thread.run(Thread.java:748)
... Removed 22 stack frames]]>
    </failure>
  </testcase> <!-- CourseTOCPageVerify -->
  <testcase name="JoinTrainLoginPageHasGmailLogin" time="0.006" classname="com.qualitrrix.test.regression.CourseConsumption">
    <failure type="java.lang.IllegalArgumentException" message="Can not set io.appium.java_client.MobileElement field com.qualitrix.pageObjects.DikshaMainPageObjects.sltLang to org.openqa.selenium.remote.RemoteWebElement$$EnhancerByCGLIB$$d27c0df4">
      <![CDATA[java.lang.IllegalArgumentException: Can not set io.appium.java_client.MobileElement field com.qualitrix.pageObjects.DikshaMainPageObjects.sltLang to org.openqa.selenium.remote.RemoteWebElement$$EnhancerByCGLIB$$d27c0df4
at org.openqa.selenium.support.PageFactory.proxyFields(PageFactory.java:117)
at org.openqa.selenium.support.PageFactory.initElements(PageFactory.java:105)
at com.qualitrix.pageActions.DikshaMainPageActions.<init>(DikshaMainPageActions.java:38)
at com.qualitrrix.test.regression.CourseConsumption.getDikshaMainPageActions(CourseConsumption.java:23)
at com.qualitrrix.test.regression.CourseConsumption.JoinTrainLoginPageHasGmailLogin(CourseConsumption.java:1461)
at java.util.ArrayList.forEach(ArrayList.java:1259)
at java.util.concurrent.FutureTask.run(FutureTask.java:266)
at java.util.concurrent.ThreadPoolExecutor.runWorker(ThreadPoolExecutor.java:1149)
at java.util.concurrent.ThreadPoolExecutor$Worker.run(ThreadPoolExecutor.java:624)
at java.lang.Thread.run(Thread.java:748)
... Removed 22 stack frames]]>
    </failure>
  </testcase> <!-- JoinTrainLoginPageHasGmailLogin -->
  <testcase name="RecentlySearchedKeyWorkdVerify" time="0.005" classname="com.qualitrrix.test.regression.CourseConsumption">
    <failure type="java.lang.IllegalArgumentException" message="Can not set io.appium.java_client.MobileElement field com.qualitrix.pageObjects.DikshaMainPageObjects.sltLang to org.openqa.selenium.remote.RemoteWebElement$$EnhancerByCGLIB$$d27c0df4">
      <![CDATA[java.lang.IllegalArgumentException: Can not set io.appium.java_client.MobileElement field com.qualitrix.pageObjects.DikshaMainPageObjects.sltLang to org.openqa.selenium.remote.RemoteWebElement$$EnhancerByCGLIB$$d27c0df4
at org.openqa.selenium.support.PageFactory.proxyFields(PageFactory.java:117)
at org.openqa.selenium.support.PageFactory.initElements(PageFactory.java:105)
at com.qualitrix.pageActions.DikshaMainPageActions.<init>(DikshaMainPageActions.java:38)
at com.qualitrrix.test.regression.CourseConsumption.getDikshaMainPageActions(CourseConsumption.java:23)
at com.qualitrrix.test.regression.CourseConsumption.RecentlySearchedKeyWorkdVerify(CourseConsumption.java:1366)
at java.util.ArrayList.forEach(ArrayList.java:1259)
at java.util.concurrent.FutureTask.run(FutureTask.java:266)
at java.util.concurrent.ThreadPoolExecutor.runWorker(ThreadPoolExecutor.java:1149)
at java.util.concurrent.ThreadPoolExecutor$Worker.run(ThreadPoolExecutor.java:624)
at java.lang.Thread.run(Thread.java:748)
... Removed 22 stack frames]]>
    </failure>
  </testcase> <!-- RecentlySearchedKeyWorkdVerify -->
  <testcase name="StartLearningButtonOnjoinCourse" time="0.069" classname="com.qualitrrix.test.regression.CourseConsumption"/>
  <testcase name="anonymousUserAbleToSearchCourse" time="0.011" classname="com.qualitrrix.test.regression.CourseConsumption">
    <failure type="java.lang.IllegalArgumentException" message="Can not set io.appium.java_client.MobileElement field com.qualitrix.pageObjects.DikshaMainPageObjects.sltLang to org.openqa.selenium.remote.RemoteWebElement$$EnhancerByCGLIB$$d27c0df4">
      <![CDATA[java.lang.IllegalArgumentException: Can not set io.appium.java_client.MobileElement field com.qualitrix.pageObjects.DikshaMainPageObjects.sltLang to org.openqa.selenium.remote.RemoteWebElement$$EnhancerByCGLIB$$d27c0df4
at org.openqa.selenium.support.PageFactory.proxyFields(PageFactory.java:117)
at org.openqa.selenium.support.PageFactory.initElements(PageFactory.java:105)
at com.qualitrix.pageActions.DikshaMainPageActions.<init>(DikshaMainPageActions.java:38)
at com.qualitrrix.test.regression.CourseConsumption.getDikshaMainPageActions(CourseConsumption.java:23)
at com.qualitrrix.test.regression.CourseConsumption.anonymousUserAbleToSearchCourse(CourseConsumption.java:1325)
at java.util.ArrayList.forEach(ArrayList.java:1259)
at java.util.concurrent.FutureTask.run(FutureTask.java:266)
at java.util.concurrent.ThreadPoolExecutor.runWorker(ThreadPoolExecutor.java:1149)
at java.util.concurrent.ThreadPoolExecutor$Worker.run(ThreadPoolExecutor.java:624)
at java.lang.Thread.run(Thread.java:748)
... Removed 22 stack frames]]>
    </failure>
  </testcase> <!-- anonymousUserAbleToSearchCourse -->
  <testcase name="validateCourseTextInsteadOfTrainingText" time="0.006" classname="com.qualitrrix.test.regression.CourseConsumption">
    <failure type="java.lang.IllegalArgumentException" message="Can not set io.appium.java_client.MobileElement field com.qualitrix.pageObjects.DikshaMainPageObjects.sltLang to org.openqa.selenium.remote.RemoteWebElement$$EnhancerByCGLIB$$d27c0df4">
      <![CDATA[java.lang.IllegalArgumentException: Can not set io.appium.java_client.MobileElement field com.qualitrix.pageObjects.DikshaMainPageObjects.sltLang to org.openqa.selenium.remote.RemoteWebElement$$EnhancerByCGLIB$$d27c0df4
at org.openqa.selenium.support.PageFactory.proxyFields(PageFactory.java:117)
at org.openqa.selenium.support.PageFactory.initElements(PageFactory.java:105)
at com.qualitrix.pageActions.DikshaMainPageActions.<init>(DikshaMainPageActions.java:38)
at com.qualitrrix.test.regression.CourseConsumption.getDikshaMainPageActions(CourseConsumption.java:23)
at com.qualitrrix.test.regression.CourseConsumption.validateCourseTextInsteadOfTrainingText(CourseConsumption.java:1013)
at java.util.ArrayList.forEach(ArrayList.java:1259)
at java.util.concurrent.FutureTask.run(FutureTask.java:266)
at java.util.concurrent.ThreadPoolExecutor.runWorker(ThreadPoolExecutor.java:1149)
at java.util.concurrent.ThreadPoolExecutor$Worker.run(ThreadPoolExecutor.java:624)
at java.lang.Thread.run(Thread.java:748)
... Removed 22 stack frames]]>
    </failure>
  </testcase> <!-- validateCourseTextInsteadOfTrainingText -->
  <testcase name="validateSameCourseProgressAfterReEnrollingToCourse" time="0.038" classname="com.qualitrrix.test.regression.CourseConsumption">
    <failure type="java.lang.IllegalArgumentException" message="Can not set io.appium.java_client.MobileElement field com.qualitrix.pageObjects.DikshaMainPageObjects.sltLang to org.openqa.selenium.remote.RemoteWebElement$$EnhancerByCGLIB$$d27c0df4">
      <![CDATA[java.lang.IllegalArgumentException: Can not set io.appium.java_client.MobileElement field com.qualitrix.pageObjects.DikshaMainPageObjects.sltLang to org.openqa.selenium.remote.RemoteWebElement$$EnhancerByCGLIB$$d27c0df4
at org.openqa.selenium.support.PageFactory.proxyFields(PageFactory.java:117)
at org.openqa.selenium.support.PageFactory.initElements(PageFactory.java:105)
at com.qualitrix.pageActions.DikshaMainPageActions.<init>(DikshaMainPageActions.java:38)
at com.qualitrrix.test.regression.CourseConsumption.getDikshaMainPageActions(CourseConsumption.java:23)
at com.qualitrrix.test.regression.CourseConsumption.validateSameCourseProgressAfterReEnrollingToCourse(CourseConsumption.java:747)
at java.util.ArrayList.forEach(ArrayList.java:1259)
at java.util.concurrent.FutureTask.run(FutureTask.java:266)
at java.util.concurrent.ThreadPoolExecutor.runWorker(ThreadPoolExecutor.java:1149)
at java.util.concurrent.ThreadPoolExecutor$Worker.run(ThreadPoolExecutor.java:624)
at java.lang.Thread.run(Thread.java:748)
... Removed 22 stack frames]]>
    </failure>
  </testcase> <!-- validateSameCourseProgressAfterReEnrollingToCourse -->
  <testcase name="validateUpcomingBatchMsgInCourse" time="0.003" classname="com.qualitrrix.test.regression.CourseConsumption">
    <failure type="java.lang.IllegalArgumentException" message="Can not set io.appium.java_client.MobileElement field com.qualitrix.pageObjects.DikshaMainPageObjects.sltLang to org.openqa.selenium.remote.RemoteWebElement$$EnhancerByCGLIB$$d27c0df4">
      <![CDATA[java.lang.IllegalArgumentException: Can not set io.appium.java_client.MobileElement field com.qualitrix.pageObjects.DikshaMainPageObjects.sltLang to org.openqa.selenium.remote.RemoteWebElement$$EnhancerByCGLIB$$d27c0df4
at org.openqa.selenium.support.PageFactory.proxyFields(PageFactory.java:117)
at org.openqa.selenium.support.PageFactory.initElements(PageFactory.java:105)
at com.qualitrix.pageActions.DikshaMainPageActions.<init>(DikshaMainPageActions.java:38)
at com.qualitrrix.test.regression.CourseConsumption.getDikshaMainPageActions(CourseConsumption.java:23)
at com.qualitrrix.test.regression.CourseConsumption.validateUpcomingBatchMsgInCourse(CourseConsumption.java:515)
at java.util.ArrayList.forEach(ArrayList.java:1259)
at java.util.concurrent.FutureTask.run(FutureTask.java:266)
at java.util.concurrent.ThreadPoolExecutor.runWorker(ThreadPoolExecutor.java:1149)
at java.util.concurrent.ThreadPoolExecutor$Worker.run(ThreadPoolExecutor.java:624)
at java.lang.Thread.run(Thread.java:748)
... Removed 22 stack frames]]>
    </failure>
  </testcase> <!-- validateUpcomingBatchMsgInCourse -->
  <testcase name="verifyConsentPopUpIsDisplayedForCourseAndTraceableCollection" time="0.028" classname="com.qualitrrix.test.regression.CourseConsumption">
    <failure type="java.lang.IllegalArgumentException" message="Can not set io.appium.java_client.MobileElement field com.qualitrix.pageObjects.DikshaMainPageObjects.sltLang to org.openqa.selenium.remote.RemoteWebElement$$EnhancerByCGLIB$$d27c0df4">
      <![CDATA[java.lang.IllegalArgumentException: Can not set io.appium.java_client.MobileElement field com.qualitrix.pageObjects.DikshaMainPageObjects.sltLang to org.openqa.selenium.remote.RemoteWebElement$$EnhancerByCGLIB$$d27c0df4
at org.openqa.selenium.support.PageFactory.proxyFields(PageFactory.java:117)
at org.openqa.selenium.support.PageFactory.initElements(PageFactory.java:105)
at com.qualitrix.pageActions.DikshaMainPageActions.<init>(DikshaMainPageActions.java:38)
at com.qualitrrix.test.regression.CourseConsumption.getDikshaMainPageActions(CourseConsumption.java:23)
at com.qualitrrix.test.regression.CourseConsumption.verifyConsentPopUpIsDisplayedForCourseAndTraceableCollection(CourseConsumption.java:1076)
at java.util.ArrayList.forEach(ArrayList.java:1259)
at java.util.concurrent.FutureTask.run(FutureTask.java:266)
at java.util.concurrent.ThreadPoolExecutor.runWorker(ThreadPoolExecutor.java:1149)
at java.util.concurrent.ThreadPoolExecutor$Worker.run(ThreadPoolExecutor.java:624)
at java.lang.Thread.run(Thread.java:748)
... Removed 22 stack frames]]>
    </failure>
  </testcase> <!-- verifyConsentPopUpIsDisplayedForCourseAndTraceableCollection -->
  <testcase name="verifyConsentPopupDisplayedOncePostRelauchAppAndConsumeSameCourse" time="0.01" classname="com.qualitrrix.test.regression.CourseConsumption">
    <failure type="java.lang.IllegalArgumentException" message="Can not set io.appium.java_client.MobileElement field com.qualitrix.pageObjects.DikshaMainPageObjects.sltLang to org.openqa.selenium.remote.RemoteWebElement$$EnhancerByCGLIB$$d27c0df4">
      <![CDATA[java.lang.IllegalArgumentException: Can not set io.appium.java_client.MobileElement field com.qualitrix.pageObjects.DikshaMainPageObjects.sltLang to org.openqa.selenium.remote.RemoteWebElement$$EnhancerByCGLIB$$d27c0df4
at org.openqa.selenium.support.PageFactory.proxyFields(PageFactory.java:117)
at org.openqa.selenium.support.PageFactory.initElements(PageFactory.java:105)
at com.qualitrix.pageActions.DikshaMainPageActions.<init>(DikshaMainPageActions.java:38)
at com.qualitrrix.test.regression.CourseConsumption.getDikshaMainPageActions(CourseConsumption.java:23)
at com.qualitrrix.test.regression.CourseConsumption.verifyConsentPopupDisplayedOncePostRelauchAppAndConsumeSameCourse(CourseConsumption.java:854)
at java.util.ArrayList.forEach(ArrayList.java:1259)
at java.util.concurrent.FutureTask.run(FutureTask.java:266)
at java.util.concurrent.ThreadPoolExecutor.runWorker(ThreadPoolExecutor.java:1149)
at java.util.concurrent.ThreadPoolExecutor$Worker.run(ThreadPoolExecutor.java:624)
at java.lang.Thread.run(Thread.java:748)
... Removed 22 stack frames]]>
    </failure>
  </testcase> <!-- verifyConsentPopupDisplayedOncePostRelauchAppAndConsumeSameCourse -->
  <testcase name="verifyCourseEndDateAndEnrollmentEndDateInCourseDetailsPage" time="0.008" classname="com.qualitrrix.test.regression.CourseConsumption">
    <failure type="java.lang.IllegalArgumentException" message="Can not set io.appium.java_client.MobileElement field com.qualitrix.pageObjects.DikshaMainPageObjects.sltLang to org.openqa.selenium.remote.RemoteWebElement$$EnhancerByCGLIB$$d27c0df4">
      <![CDATA[java.lang.IllegalArgumentException: Can not set io.appium.java_client.MobileElement field com.qualitrix.pageObjects.DikshaMainPageObjects.sltLang to org.openqa.selenium.remote.RemoteWebElement$$EnhancerByCGLIB$$d27c0df4
at org.openqa.selenium.support.PageFactory.proxyFields(PageFactory.java:117)
at org.openqa.selenium.support.PageFactory.initElements(PageFactory.java:105)
at com.qualitrix.pageActions.DikshaMainPageActions.<init>(DikshaMainPageActions.java:38)
at com.qualitrrix.test.regression.CourseConsumption.verifyCourseEndDateAndEnrollmentEndDateInCourseDetailsPage(CourseConsumption.java:940)
at java.util.ArrayList.forEach(ArrayList.java:1259)
at java.util.concurrent.FutureTask.run(FutureTask.java:266)
at java.util.concurrent.ThreadPoolExecutor.runWorker(ThreadPoolExecutor.java:1149)
at java.util.concurrent.ThreadPoolExecutor$Worker.run(ThreadPoolExecutor.java:624)
at java.lang.Thread.run(Thread.java:748)
... Removed 22 stack frames]]>
    </failure>
  </testcase> <!-- verifyCourseEndDateAndEnrollmentEndDateInCourseDetailsPage -->
  <testcase name="verifyCourseHeaders" time="0.02" classname="com.qualitrrix.test.regression.CourseConsumption">
    <failure type="java.lang.IllegalArgumentException" message="Can not set io.appium.java_client.MobileElement field com.qualitrix.pageObjects.DikshaMainPageObjects.sltLang to org.openqa.selenium.remote.RemoteWebElement$$EnhancerByCGLIB$$d27c0df4">
      <![CDATA[java.lang.IllegalArgumentException: Can not set io.appium.java_client.MobileElement field com.qualitrix.pageObjects.DikshaMainPageObjects.sltLang to org.openqa.selenium.remote.RemoteWebElement$$EnhancerByCGLIB$$d27c0df4
at org.openqa.selenium.support.PageFactory.proxyFields(PageFactory.java:117)
at org.openqa.selenium.support.PageFactory.initElements(PageFactory.java:105)
at com.qualitrix.pageActions.DikshaMainPageActions.<init>(DikshaMainPageActions.java:38)
at com.qualitrrix.test.regression.CourseConsumption.getDikshaMainPageActions(CourseConsumption.java:23)
at com.qualitrrix.test.regression.CourseConsumption.verifyCourseHeaders(CourseConsumption.java:1432)
at java.util.ArrayList.forEach(ArrayList.java:1259)
at java.util.concurrent.FutureTask.run(FutureTask.java:266)
at java.util.concurrent.ThreadPoolExecutor.runWorker(ThreadPoolExecutor.java:1149)
at java.util.concurrent.ThreadPoolExecutor$Worker.run(ThreadPoolExecutor.java:624)
at java.lang.Thread.run(Thread.java:748)
... Removed 22 stack frames]]>
    </failure>
  </testcase> <!-- verifyCourseHeaders -->
  <testcase name="verifyCourseTOCPageMessagesForExpiredAndEnrollmentEndDateCourses" time="0.125" classname="com.qualitrrix.test.regression.CourseConsumption">
    <failure type="java.lang.IllegalArgumentException" message="Can not set io.appium.java_client.MobileElement field com.qualitrix.pageObjects.DikshaMainPageObjects.sltLang to org.openqa.selenium.remote.RemoteWebElement$$EnhancerByCGLIB$$d27c0df4">
      <![CDATA[java.lang.IllegalArgumentException: Can not set io.appium.java_client.MobileElement field com.qualitrix.pageObjects.DikshaMainPageObjects.sltLang to org.openqa.selenium.remote.RemoteWebElement$$EnhancerByCGLIB$$d27c0df4
at org.openqa.selenium.support.PageFactory.proxyFields(PageFactory.java:117)
at org.openqa.selenium.support.PageFactory.initElements(PageFactory.java:105)
at com.qualitrix.pageActions.DikshaMainPageActions.<init>(DikshaMainPageActions.java:38)
at com.qualitrrix.test.regression.CourseConsumption.getDikshaMainPageActions(CourseConsumption.java:23)
at com.qualitrrix.test.regression.CourseConsumption.verifyCourseTOCPageMessagesForExpiredAndEnrollmentEndDateCourses(CourseConsumption.java:728)
at java.util.ArrayList.forEach(ArrayList.java:1259)
at java.util.concurrent.FutureTask.run(FutureTask.java:266)
at java.util.concurrent.ThreadPoolExecutor.runWorker(ThreadPoolExecutor.java:1149)
at java.util.concurrent.ThreadPoolExecutor$Worker.run(ThreadPoolExecutor.java:624)
at java.lang.Thread.run(Thread.java:748)
... Removed 22 stack frames]]>
    </failure>
  </testcase> <!-- verifyCourseTOCPageMessagesForExpiredAndEnrollmentEndDateCourses -->
  <testcase name="verifyCoursesBasedOnSubjectAndOthersGroup" time="0.008" classname="com.qualitrrix.test.regression.CourseConsumption">
    <failure type="java.lang.IllegalArgumentException" message="Can not set io.appium.java_client.MobileElement field com.qualitrix.pageObjects.DikshaMainPageObjects.sltLang to org.openqa.selenium.remote.RemoteWebElement$$EnhancerByCGLIB$$d27c0df4">
      <![CDATA[java.lang.IllegalArgumentException: Can not set io.appium.java_client.MobileElement field com.qualitrix.pageObjects.DikshaMainPageObjects.sltLang to org.openqa.selenium.remote.RemoteWebElement$$EnhancerByCGLIB$$d27c0df4
at org.openqa.selenium.support.PageFactory.proxyFields(PageFactory.java:117)
at org.openqa.selenium.support.PageFactory.initElements(PageFactory.java:105)
at com.qualitrix.pageActions.DikshaMainPageActions.<init>(DikshaMainPageActions.java:38)
at com.qualitrrix.test.regression.CourseConsumption.getDikshaMainPageActions(CourseConsumption.java:23)
at com.qualitrrix.test.regression.CourseConsumption.verifyCoursesBasedOnSubjectAndOthersGroup(CourseConsumption.java:1262)
at java.util.ArrayList.forEach(ArrayList.java:1259)
at java.util.concurrent.FutureTask.run(FutureTask.java:266)
at java.util.concurrent.ThreadPoolExecutor.runWorker(ThreadPoolExecutor.java:1149)
at java.util.concurrent.ThreadPoolExecutor$Worker.run(ThreadPoolExecutor.java:624)
at java.lang.Thread.run(Thread.java:748)
... Removed 22 stack frames]]>
    </failure>
  </testcase> <!-- verifyCoursesBasedOnSubjectAndOthersGroup -->
  <testcase name="verifyCreatorIsNotAbleToEnrollCourse" time="0.025" classname="com.qualitrrix.test.regression.CourseConsumption">
    <failure type="java.lang.IllegalArgumentException" message="Can not set io.appium.java_client.MobileElement field com.qualitrix.pageObjects.DikshaMainPageObjects.sltLang to org.openqa.selenium.remote.RemoteWebElement$$EnhancerByCGLIB$$d27c0df4">
      <![CDATA[java.lang.IllegalArgumentException: Can not set io.appium.java_client.MobileElement field com.qualitrix.pageObjects.DikshaMainPageObjects.sltLang to org.openqa.selenium.remote.RemoteWebElement$$EnhancerByCGLIB$$d27c0df4
at org.openqa.selenium.support.PageFactory.proxyFields(PageFactory.java:117)
at org.openqa.selenium.support.PageFactory.initElements(PageFactory.java:105)
at com.qualitrix.pageActions.DikshaMainPageActions.<init>(DikshaMainPageActions.java:38)
at com.qualitrrix.test.regression.CourseConsumption.getDikshaMainPageActions(CourseConsumption.java:23)
at com.qualitrrix.test.regression.CourseConsumption.verifyCreatorIsNotAbleToEnrollCourse(CourseConsumption.java:977)
at java.util.ArrayList.forEach(ArrayList.java:1259)
at java.util.concurrent.FutureTask.run(FutureTask.java:266)
at java.util.concurrent.ThreadPoolExecutor.runWorker(ThreadPoolExecutor.java:1149)
at java.util.concurrent.ThreadPoolExecutor$Worker.run(ThreadPoolExecutor.java:624)
at java.lang.Thread.run(Thread.java:748)
... Removed 22 stack frames]]>
    </failure>
  </testcase> <!-- verifyCreatorIsNotAbleToEnrollCourse -->
  <testcase name="verifyCreditLicenseInfoSecInTOCpage" time="0.013" classname="com.qualitrrix.test.regression.CourseConsumption"/>
  <testcase name="verifyDerivedSourceInfoWhnCourseCopied" time="0.011" classname="com.qualitrrix.test.regression.CourseConsumption"/>
  <testcase name="verifyEnrollmentEndDatePassedMsgInCourse" time="0.006" classname="com.qualitrrix.test.regression.CourseConsumption">
    <failure type="java.lang.IllegalArgumentException" message="Can not set io.appium.java_client.MobileElement field com.qualitrix.pageObjects.DikshaMainPageObjects.sltLang to org.openqa.selenium.remote.RemoteWebElement$$EnhancerByCGLIB$$d27c0df4">
      <![CDATA[java.lang.IllegalArgumentException: Can not set io.appium.java_client.MobileElement field com.qualitrix.pageObjects.DikshaMainPageObjects.sltLang to org.openqa.selenium.remote.RemoteWebElement$$EnhancerByCGLIB$$d27c0df4
at org.openqa.selenium.support.PageFactory.proxyFields(PageFactory.java:117)
at org.openqa.selenium.support.PageFactory.initElements(PageFactory.java:105)
at com.qualitrix.pageActions.DikshaMainPageActions.<init>(DikshaMainPageActions.java:38)
at com.qualitrrix.test.regression.CourseConsumption.verifyEnrollmentEndDatePassedMsgInCourse(CourseConsumption.java:337)
at java.util.ArrayList.forEach(ArrayList.java:1259)
at java.util.concurrent.FutureTask.run(FutureTask.java:266)
at java.util.concurrent.ThreadPoolExecutor.runWorker(ThreadPoolExecutor.java:1149)
at java.util.concurrent.ThreadPoolExecutor$Worker.run(ThreadPoolExecutor.java:624)
at java.lang.Thread.run(Thread.java:748)
... Removed 22 stack frames]]>
    </failure>
  </testcase> <!-- verifyEnrollmentEndDatePassedMsgInCourse -->
  <testcase name="verifyExpiredCourseInMylearingSectionOfHomePageAndProfilePage" time="0.003" classname="com.qualitrrix.test.regression.CourseConsumption">
    <failure type="java.lang.IllegalArgumentException" message="Can not set io.appium.java_client.MobileElement field com.qualitrix.pageObjects.DikshaMainPageObjects.sltLang to org.openqa.selenium.remote.RemoteWebElement$$EnhancerByCGLIB$$d27c0df4">
      <![CDATA[java.lang.IllegalArgumentException: Can not set io.appium.java_client.MobileElement field com.qualitrix.pageObjects.DikshaMainPageObjects.sltLang to org.openqa.selenium.remote.RemoteWebElement$$EnhancerByCGLIB$$d27c0df4
at org.openqa.selenium.support.PageFactory.proxyFields(PageFactory.java:117)
at org.openqa.selenium.support.PageFactory.initElements(PageFactory.java:105)
at com.qualitrix.pageActions.DikshaMainPageActions.<init>(DikshaMainPageActions.java:38)
at com.qualitrrix.test.regression.CourseConsumption.verifyExpiredCourseInMylearingSectionOfHomePageAndProfilePage(CourseConsumption.java:77)
at java.util.ArrayList.forEach(ArrayList.java:1259)
at java.util.concurrent.FutureTask.run(FutureTask.java:266)
at java.util.concurrent.ThreadPoolExecutor.runWorker(ThreadPoolExecutor.java:1149)
at java.util.concurrent.ThreadPoolExecutor$Worker.run(ThreadPoolExecutor.java:624)
at java.lang.Thread.run(Thread.java:748)
... Removed 22 stack frames]]>
    </failure>
  </testcase> <!-- verifyExpiredCourseInMylearingSectionOfHomePageAndProfilePage -->
  <testcase name="verifyMaximumAttemptsCrossedMessageInLimitedAttemptQuestionSet" time="0.004" classname="com.qualitrrix.test.regression.CourseConsumption">
    <failure type="java.lang.IllegalArgumentException" message="Can not set io.appium.java_client.MobileElement field com.qualitrix.pageObjects.DikshaMainPageObjects.sltLang to org.openqa.selenium.remote.RemoteWebElement$$EnhancerByCGLIB$$d27c0df4">
      <![CDATA[java.lang.IllegalArgumentException: Can not set io.appium.java_client.MobileElement field com.qualitrix.pageObjects.DikshaMainPageObjects.sltLang to org.openqa.selenium.remote.RemoteWebElement$$EnhancerByCGLIB$$d27c0df4
at org.openqa.selenium.support.PageFactory.proxyFields(PageFactory.java:117)
at org.openqa.selenium.support.PageFactory.initElements(PageFactory.java:105)
at com.qualitrix.pageActions.DikshaMainPageActions.<init>(DikshaMainPageActions.java:38)
at com.qualitrrix.test.regression.CourseConsumption.getDikshaMainPageActions(CourseConsumption.java:23)
at com.qualitrrix.test.regression.CourseConsumption.verifyMaximumAttemptsCrossedMessageInLimitedAttemptQuestionSet(CourseConsumption.java:246)
at java.util.ArrayList.forEach(ArrayList.java:1259)
at java.util.concurrent.FutureTask.run(FutureTask.java:266)
at java.util.concurrent.ThreadPoolExecutor.runWorker(ThreadPoolExecutor.java:1149)
at java.util.concurrent.ThreadPoolExecutor$Worker.run(ThreadPoolExecutor.java:624)
at java.lang.Thread.run(Thread.java:748)
... Removed 22 stack frames]]>
    </failure>
  </testcase> <!-- verifyMaximumAttemptsCrossedMessageInLimitedAttemptQuestionSet -->
  <testcase name="verifyNoBatchesAvailableMessageInAlreadyJoinedCourseAndBatchExpired" time="0.005" classname="com.qualitrrix.test.regression.CourseConsumption">
    <failure type="java.lang.IllegalArgumentException" message="Can not set io.appium.java_client.MobileElement field com.qualitrix.pageObjects.DikshaMainPageObjects.sltLang to org.openqa.selenium.remote.RemoteWebElement$$EnhancerByCGLIB$$d27c0df4">
      <![CDATA[java.lang.IllegalArgumentException: Can not set io.appium.java_client.MobileElement field com.qualitrix.pageObjects.DikshaMainPageObjects.sltLang to org.openqa.selenium.remote.RemoteWebElement$$EnhancerByCGLIB$$d27c0df4
at org.openqa.selenium.support.PageFactory.proxyFields(PageFactory.java:117)
at org.openqa.selenium.support.PageFactory.initElements(PageFactory.java:105)
at com.qualitrix.pageActions.DikshaMainPageActions.<init>(DikshaMainPageActions.java:38)
at com.qualitrrix.test.regression.CourseConsumption.verifyNoBatchesAvailableMessageInAlreadyJoinedCourseAndBatchExpired(CourseConsumption.java:302)
at java.util.ArrayList.forEach(ArrayList.java:1259)
at java.util.concurrent.FutureTask.run(FutureTask.java:266)
at java.util.concurrent.ThreadPoolExecutor.runWorker(ThreadPoolExecutor.java:1149)
at java.util.concurrent.ThreadPoolExecutor$Worker.run(ThreadPoolExecutor.java:624)
at java.lang.Thread.run(Thread.java:748)
... Removed 22 stack frames]]>
    </failure>
  </testcase> <!-- verifyNoBatchesAvailableMessageInAlreadyJoinedCourseAndBatchExpired -->
  <testcase name="verifyNoJoinCourseButtonForExpiredCourse" time="0.01" classname="com.qualitrrix.test.regression.CourseConsumption">
    <failure type="java.lang.IllegalArgumentException" message="Can not set io.appium.java_client.MobileElement field com.qualitrix.pageObjects.DikshaMainPageObjects.sltLang to org.openqa.selenium.remote.RemoteWebElement$$EnhancerByCGLIB$$d27c0df4">
      <![CDATA[java.lang.IllegalArgumentException: Can not set io.appium.java_client.MobileElement field com.qualitrix.pageObjects.DikshaMainPageObjects.sltLang to org.openqa.selenium.remote.RemoteWebElement$$EnhancerByCGLIB$$d27c0df4
at org.openqa.selenium.support.PageFactory.proxyFields(PageFactory.java:117)
at org.openqa.selenium.support.PageFactory.initElements(PageFactory.java:105)
at com.qualitrix.pageActions.DikshaMainPageActions.<init>(DikshaMainPageActions.java:38)
at com.qualitrrix.test.regression.CourseConsumption.getDikshaMainPageActions(CourseConsumption.java:23)
at com.qualitrrix.test.regression.CourseConsumption.verifyNoJoinCourseButtonForExpiredCourse(CourseConsumption.java:148)
at java.util.ArrayList.forEach(ArrayList.java:1259)
at java.util.concurrent.FutureTask.run(FutureTask.java:266)
at java.util.concurrent.ThreadPoolExecutor.runWorker(ThreadPoolExecutor.java:1149)
at java.util.concurrent.ThreadPoolExecutor$Worker.run(ThreadPoolExecutor.java:624)
at java.lang.Thread.run(Thread.java:748)
... Removed 22 stack frames]]>
    </failure>
  </testcase> <!-- verifyNoJoinCourseButtonForExpiredCourse -->
  <testcase name="verifyOngoingAndExpiredBatchesListInPopupPostClicingOnJoinCourseBtn" time="0.008" classname="com.qualitrrix.test.regression.CourseConsumption">
    <failure type="java.lang.IllegalArgumentException" message="Can not set io.appium.java_client.MobileElement field com.qualitrix.pageObjects.DikshaMainPageObjects.sltLang to org.openqa.selenium.remote.RemoteWebElement$$EnhancerByCGLIB$$d27c0df4">
      <![CDATA[java.lang.IllegalArgumentException: Can not set io.appium.java_client.MobileElement field com.qualitrix.pageObjects.DikshaMainPageObjects.sltLang to org.openqa.selenium.remote.RemoteWebElement$$EnhancerByCGLIB$$d27c0df4
at org.openqa.selenium.support.PageFactory.proxyFields(PageFactory.java:117)
at org.openqa.selenium.support.PageFactory.initElements(PageFactory.java:105)
at com.qualitrix.pageActions.DikshaMainPageActions.<init>(DikshaMainPageActions.java:38)
at com.qualitrrix.test.regression.CourseConsumption.getDikshaMainPageActions(CourseConsumption.java:23)
at com.qualitrrix.test.regression.CourseConsumption.verifyOngoingAndExpiredBatchesListInPopupPostClicingOnJoinCourseBtn(CourseConsumption.java:692)
at java.util.ArrayList.forEach(ArrayList.java:1259)
at java.util.concurrent.FutureTask.run(FutureTask.java:266)
at java.util.concurrent.ThreadPoolExecutor.runWorker(ThreadPoolExecutor.java:1149)
at java.util.concurrent.ThreadPoolExecutor$Worker.run(ThreadPoolExecutor.java:624)
at java.lang.Thread.run(Thread.java:748)
... Removed 22 stack frames]]>
    </failure>
  </testcase> <!-- verifyOngoingAndExpiredBatchesListInPopupPostClicingOnJoinCourseBtn -->
  <testcase name="verifyOngoingBatchesInACourseWithMultipleOngoingbatches" time="0.004" classname="com.qualitrrix.test.regression.CourseConsumption">
    <failure type="java.lang.IllegalArgumentException" message="Can not set io.appium.java_client.MobileElement field com.qualitrix.pageObjects.DikshaMainPageObjects.sltLang to org.openqa.selenium.remote.RemoteWebElement$$EnhancerByCGLIB$$d27c0df4">
      <![CDATA[java.lang.IllegalArgumentException: Can not set io.appium.java_client.MobileElement field com.qualitrix.pageObjects.DikshaMainPageObjects.sltLang to org.openqa.selenium.remote.RemoteWebElement$$EnhancerByCGLIB$$d27c0df4
at org.openqa.selenium.support.PageFactory.proxyFields(PageFactory.java:117)
at org.openqa.selenium.support.PageFactory.initElements(PageFactory.java:105)
at com.qualitrix.pageActions.DikshaMainPageActions.<init>(DikshaMainPageActions.java:38)
at com.qualitrrix.test.regression.CourseConsumption.getDikshaMainPageActions(CourseConsumption.java:23)
at com.qualitrrix.test.regression.CourseConsumption.verifyOngoingBatchesInACourseWithMultipleOngoingbatches(CourseConsumption.java:1041)
at java.util.ArrayList.forEach(ArrayList.java:1259)
at java.util.concurrent.FutureTask.run(FutureTask.java:266)
at java.util.concurrent.ThreadPoolExecutor.runWorker(ThreadPoolExecutor.java:1149)
at java.util.concurrent.ThreadPoolExecutor$Worker.run(ThreadPoolExecutor.java:624)
at java.lang.Thread.run(Thread.java:748)
... Removed 22 stack frames]]>
    </failure>
  </testcase> <!-- verifyOngoingBatchesInACourseWithMultipleOngoingbatches -->
  <testcase name="verifyProfileSharingInfoDetailsAndConsentFlagInCourseTOC" time="0.049" classname="com.qualitrrix.test.regression.CourseConsumption">
    <failure type="java.lang.IllegalArgumentException" message="Can not set io.appium.java_client.MobileElement field com.qualitrix.pageObjects.DikshaMainPageObjects.sltLang to org.openqa.selenium.remote.RemoteWebElement$$EnhancerByCGLIB$$d27c0df4">
      <![CDATA[java.lang.IllegalArgumentException: Can not set io.appium.java_client.MobileElement field com.qualitrix.pageObjects.DikshaMainPageObjects.sltLang to org.openqa.selenium.remote.RemoteWebElement$$EnhancerByCGLIB$$d27c0df4
at org.openqa.selenium.support.PageFactory.proxyFields(PageFactory.java:117)
at org.openqa.selenium.support.PageFactory.initElements(PageFactory.java:105)
at com.qualitrix.pageActions.DikshaMainPageActions.<init>(DikshaMainPageActions.java:38)
at com.qualitrrix.test.regression.CourseConsumption.getDikshaMainPageActions(CourseConsumption.java:23)
at com.qualitrrix.test.regression.CourseConsumption.verifyProfileSharingInfoDetailsAndConsentFlagInCourseTOC(CourseConsumption.java:1171)
at java.util.ArrayList.forEach(ArrayList.java:1259)
at java.util.concurrent.FutureTask.run(FutureTask.java:266)
at java.util.concurrent.ThreadPoolExecutor.runWorker(ThreadPoolExecutor.java:1149)
at java.util.concurrent.ThreadPoolExecutor$Worker.run(ThreadPoolExecutor.java:624)
at java.lang.Thread.run(Thread.java:748)
... Removed 22 stack frames]]>
    </failure>
  </testcase> <!-- verifyProfileSharingInfoDetailsAndConsentFlagInCourseTOC -->
  <testcase name="verifyResumeButtonInAlreadyJoinedBatchOfACourseAndProgressBarIsNotDisplayed" time="0.012" classname="com.qualitrrix.test.regression.CourseConsumption">
    <failure type="java.lang.IllegalArgumentException" message="Can not set io.appium.java_client.MobileElement field com.qualitrix.pageObjects.DikshaMainPageObjects.sltLang to org.openqa.selenium.remote.RemoteWebElement$$EnhancerByCGLIB$$d27c0df4">
      <![CDATA[java.lang.IllegalArgumentException: Can not set io.appium.java_client.MobileElement field com.qualitrix.pageObjects.DikshaMainPageObjects.sltLang to org.openqa.selenium.remote.RemoteWebElement$$EnhancerByCGLIB$$d27c0df4
at org.openqa.selenium.support.PageFactory.proxyFields(PageFactory.java:117)
at org.openqa.selenium.support.PageFactory.initElements(PageFactory.java:105)
at com.qualitrix.pageActions.DikshaMainPageActions.<init>(DikshaMainPageActions.java:38)
at com.qualitrrix.test.regression.CourseConsumption.getDikshaMainPageActions(CourseConsumption.java:23)
at com.qualitrrix.test.regression.CourseConsumption.verifyResumeButtonInAlreadyJoinedBatchOfACourseAndProgressBarIsNotDisplayed(CourseConsumption.java:549)
at java.util.ArrayList.forEach(ArrayList.java:1259)
at java.util.concurrent.FutureTask.run(FutureTask.java:266)
at java.util.concurrent.ThreadPoolExecutor.runWorker(ThreadPoolExecutor.java:1149)
at java.util.concurrent.ThreadPoolExecutor$Worker.run(ThreadPoolExecutor.java:624)
at java.lang.Thread.run(Thread.java:748)
... Removed 22 stack frames]]>
    </failure>
  </testcase> <!-- verifyResumeButtonInAlreadyJoinedBatchOfACourseAndProgressBarIsNotDisplayed -->
  <testcase name="verifyShareIconAndConsumeCourseAfterJoinCourse" time="0.005" classname="com.qualitrrix.test.regression.CourseConsumption">
    <failure type="java.lang.IllegalArgumentException" message="Can not set io.appium.java_client.MobileElement field com.qualitrix.pageObjects.DikshaMainPageObjects.sltLang to org.openqa.selenium.remote.RemoteWebElement$$EnhancerByCGLIB$$d27c0df4">
      <![CDATA[java.lang.IllegalArgumentException: Can not set io.appium.java_client.MobileElement field com.qualitrix.pageObjects.DikshaMainPageObjects.sltLang to org.openqa.selenium.remote.RemoteWebElement$$EnhancerByCGLIB$$d27c0df4
at org.openqa.selenium.support.PageFactory.proxyFields(PageFactory.java:117)
at org.openqa.selenium.support.PageFactory.initElements(PageFactory.java:105)
at com.qualitrix.pageActions.DikshaMainPageActions.<init>(DikshaMainPageActions.java:38)
at com.qualitrrix.test.regression.CourseConsumption.getDikshaMainPageActions(CourseConsumption.java:23)
at com.qualitrrix.test.regression.CourseConsumption.verifyShareIconAndConsumeCourseAfterJoinCourse(CourseConsumption.java:905)
at java.util.ArrayList.forEach(ArrayList.java:1259)
at java.util.concurrent.FutureTask.run(FutureTask.java:266)
at java.util.concurrent.ThreadPoolExecutor.runWorker(ThreadPoolExecutor.java:1149)
at java.util.concurrent.ThreadPoolExecutor$Worker.run(ThreadPoolExecutor.java:624)
at java.lang.Thread.run(Thread.java:748)
... Removed 22 stack frames]]>
    </failure>
  </testcase> <!-- verifyShareIconAndConsumeCourseAfterJoinCourse -->
  <testcase name="verifyUpcomingBatchDetailsMessageInCourse" time="0.008" classname="com.qualitrrix.test.regression.CourseConsumption">
    <failure type="java.lang.IllegalArgumentException" message="Can not set io.appium.java_client.MobileElement field com.qualitrix.pageObjects.DikshaMainPageObjects.sltLang to org.openqa.selenium.remote.RemoteWebElement$$EnhancerByCGLIB$$d27c0df4">
      <![CDATA[java.lang.IllegalArgumentException: Can not set io.appium.java_client.MobileElement field com.qualitrix.pageObjects.DikshaMainPageObjects.sltLang to org.openqa.selenium.remote.RemoteWebElement$$EnhancerByCGLIB$$d27c0df4
at org.openqa.selenium.support.PageFactory.proxyFields(PageFactory.java:117)
at org.openqa.selenium.support.PageFactory.initElements(PageFactory.java:105)
at com.qualitrix.pageActions.DikshaMainPageActions.<init>(DikshaMainPageActions.java:38)
at com.qualitrrix.test.regression.CourseConsumption.getDikshaMainPageActions(CourseConsumption.java:23)
at com.qualitrrix.test.regression.CourseConsumption.verifyUpcomingBatchDetailsMessageInCourse(CourseConsumption.java:405)
at java.util.ArrayList.forEach(ArrayList.java:1259)
at java.util.concurrent.FutureTask.run(FutureTask.java:266)
at java.util.concurrent.ThreadPoolExecutor.runWorker(ThreadPoolExecutor.java:1149)
at java.util.concurrent.ThreadPoolExecutor$Worker.run(ThreadPoolExecutor.java:624)
at java.lang.Thread.run(Thread.java:748)
... Removed 22 stack frames]]>
    </failure>
  </testcase> <!-- verifyUpcomingBatchDetailsMessageInCourse -->
  <testcase name="verifyUserAbleToConsumeAlreadyJoinedCourseAndBatchExpired" time="0.01" classname="com.qualitrrix.test.regression.CourseConsumption">
    <failure type="java.lang.IllegalArgumentException" message="Can not set io.appium.java_client.MobileElement field com.qualitrix.pageObjects.DikshaMainPageObjects.sltLang to org.openqa.selenium.remote.RemoteWebElement$$EnhancerByCGLIB$$d27c0df4">
      <![CDATA[java.lang.IllegalArgumentException: Can not set io.appium.java_client.MobileElement field com.qualitrix.pageObjects.DikshaMainPageObjects.sltLang to org.openqa.selenium.remote.RemoteWebElement$$EnhancerByCGLIB$$d27c0df4
at org.openqa.selenium.support.PageFactory.proxyFields(PageFactory.java:117)
at org.openqa.selenium.support.PageFactory.initElements(PageFactory.java:105)
at com.qualitrix.pageActions.DikshaMainPageActions.<init>(DikshaMainPageActions.java:38)
at com.qualitrrix.test.regression.CourseConsumption.getDikshaMainPageActions(CourseConsumption.java:23)
at com.qualitrrix.test.regression.CourseConsumption.verifyUserAbleToConsumeAlreadyJoinedCourseAndBatchExpired(CourseConsumption.java:112)
at java.util.ArrayList.forEach(ArrayList.java:1259)
at java.util.concurrent.FutureTask.run(FutureTask.java:266)
at java.util.concurrent.ThreadPoolExecutor.runWorker(ThreadPoolExecutor.java:1149)
at java.util.concurrent.ThreadPoolExecutor$Worker.run(ThreadPoolExecutor.java:624)
at java.lang.Thread.run(Thread.java:748)
... Removed 22 stack frames]]>
    </failure>
  </testcase> <!-- verifyUserAbleToConsumeAlreadyJoinedCourseAndBatchExpired -->
  <testcase name="verifyUserAbleToConsumeOngoingBatchInExpiredCourse" time="0.01" classname="com.qualitrrix.test.regression.CourseConsumption">
    <failure type="java.lang.IllegalArgumentException" message="Can not set io.appium.java_client.MobileElement field com.qualitrix.pageObjects.DikshaMainPageObjects.sltLang to org.openqa.selenium.remote.RemoteWebElement$$EnhancerByCGLIB$$d27c0df4">
      <![CDATA[java.lang.IllegalArgumentException: Can not set io.appium.java_client.MobileElement field com.qualitrix.pageObjects.DikshaMainPageObjects.sltLang to org.openqa.selenium.remote.RemoteWebElement$$EnhancerByCGLIB$$d27c0df4
at org.openqa.selenium.support.PageFactory.proxyFields(PageFactory.java:117)
at org.openqa.selenium.support.PageFactory.initElements(PageFactory.java:105)
at com.qualitrix.pageActions.DikshaMainPageActions.<init>(DikshaMainPageActions.java:38)
at com.qualitrrix.test.regression.CourseConsumption.getDikshaMainPageActions(CourseConsumption.java:23)
at com.qualitrrix.test.regression.CourseConsumption.verifyUserAbleToConsumeOngoingBatchInExpiredCourse(CourseConsumption.java:585)
at java.util.ArrayList.forEach(ArrayList.java:1259)
at java.util.concurrent.FutureTask.run(FutureTask.java:266)
at java.util.concurrent.ThreadPoolExecutor.runWorker(ThreadPoolExecutor.java:1149)
at java.util.concurrent.ThreadPoolExecutor$Worker.run(ThreadPoolExecutor.java:624)
at java.lang.Thread.run(Thread.java:748)
... Removed 22 stack frames]]>
    </failure>
  </testcase> <!-- verifyUserAbleToConsumeOngoingBatchInExpiredCourse -->
  <testcase name="verifyUserAbleToConsumeOngoingCourseFromProfile" time="0.006" classname="com.qualitrrix.test.regression.CourseConsumption">
    <failure type="java.lang.IllegalArgumentException" message="Can not set io.appium.java_client.MobileElement field com.qualitrix.pageObjects.DikshaMainPageObjects.sltLang to org.openqa.selenium.remote.RemoteWebElement$$EnhancerByCGLIB$$d27c0df4">
      <![CDATA[java.lang.IllegalArgumentException: Can not set io.appium.java_client.MobileElement field com.qualitrix.pageObjects.DikshaMainPageObjects.sltLang to org.openqa.selenium.remote.RemoteWebElement$$EnhancerByCGLIB$$d27c0df4
at org.openqa.selenium.support.PageFactory.proxyFields(PageFactory.java:117)
at org.openqa.selenium.support.PageFactory.initElements(PageFactory.java:105)
at com.qualitrix.pageActions.DikshaMainPageActions.<init>(DikshaMainPageActions.java:38)
at com.qualitrrix.test.regression.CourseConsumption.getDikshaMainPageActions(CourseConsumption.java:23)
at com.qualitrrix.test.regression.CourseConsumption.verifyUserAbleToConsumeOngoingCourseFromProfile(CourseConsumption.java:652)
at java.util.ArrayList.forEach(ArrayList.java:1259)
at java.util.concurrent.FutureTask.run(FutureTask.java:266)
at java.util.concurrent.ThreadPoolExecutor.runWorker(ThreadPoolExecutor.java:1149)
at java.util.concurrent.ThreadPoolExecutor$Worker.run(ThreadPoolExecutor.java:624)
at java.lang.Thread.run(Thread.java:748)
... Removed 22 stack frames]]>
    </failure>
  </testcase> <!-- verifyUserAbleToConsumeOngoingCourseFromProfile -->
  <testcase name="verifyUserAbleToDownloadTheContent" time="0.021" classname="com.qualitrrix.test.regression.CourseConsumption">
    <failure type="java.lang.IllegalArgumentException" message="Can not set io.appium.java_client.MobileElement field com.qualitrix.pageObjects.DikshaMainPageObjects.sltLang to org.openqa.selenium.remote.RemoteWebElement$$EnhancerByCGLIB$$d27c0df4">
      <![CDATA[java.lang.IllegalArgumentException: Can not set io.appium.java_client.MobileElement field com.qualitrix.pageObjects.DikshaMainPageObjects.sltLang to org.openqa.selenium.remote.RemoteWebElement$$EnhancerByCGLIB$$d27c0df4
at org.openqa.selenium.support.PageFactory.proxyFields(PageFactory.java:117)
at org.openqa.selenium.support.PageFactory.initElements(PageFactory.java:105)
at com.qualitrix.pageActions.DikshaMainPageActions.<init>(DikshaMainPageActions.java:38)
at com.qualitrrix.test.regression.CourseConsumption.getDikshaMainPageActions(CourseConsumption.java:23)
at com.qualitrrix.test.regression.CourseConsumption.verifyUserAbleToDownloadTheContent(CourseConsumption.java:1124)
at java.util.ArrayList.forEach(ArrayList.java:1259)
at java.util.concurrent.FutureTask.run(FutureTask.java:266)
at java.util.concurrent.ThreadPoolExecutor.runWorker(ThreadPoolExecutor.java:1149)
at java.util.concurrent.ThreadPoolExecutor$Worker.run(ThreadPoolExecutor.java:624)
at java.lang.Thread.run(Thread.java:748)
... Removed 22 stack frames]]>
    </failure>
  </testcase> <!-- verifyUserAbleToDownloadTheContent -->
  <testcase name="verifyUserAbleToEnrollConsumeCourseContent" time="0.011" classname="com.qualitrrix.test.regression.CourseConsumption">
    <failure type="java.lang.IllegalArgumentException" message="Can not set io.appium.java_client.MobileElement field com.qualitrix.pageObjects.DikshaMainPageObjects.sltLang to org.openqa.selenium.remote.RemoteWebElement$$EnhancerByCGLIB$$d27c0df4">
      <![CDATA[java.lang.IllegalArgumentException: Can not set io.appium.java_client.MobileElement field com.qualitrix.pageObjects.DikshaMainPageObjects.sltLang to org.openqa.selenium.remote.RemoteWebElement$$EnhancerByCGLIB$$d27c0df4
at org.openqa.selenium.support.PageFactory.proxyFields(PageFactory.java:117)
at org.openqa.selenium.support.PageFactory.initElements(PageFactory.java:105)
at com.qualitrix.pageActions.DikshaMainPageActions.<init>(DikshaMainPageActions.java:38)
at com.qualitrrix.test.regression.CourseConsumption.getDikshaMainPageActions(CourseConsumption.java:23)
at com.qualitrrix.test.regression.CourseConsumption.verifyUserAbleToEnrollConsumeCourseContent(CourseConsumption.java:788)
at java.util.ArrayList.forEach(ArrayList.java:1259)
at java.util.concurrent.FutureTask.run(FutureTask.java:266)
at java.util.concurrent.ThreadPoolExecutor.runWorker(ThreadPoolExecutor.java:1149)
at java.util.concurrent.ThreadPoolExecutor$Worker.run(ThreadPoolExecutor.java:624)
at java.lang.Thread.run(Thread.java:748)
... Removed 22 stack frames]]>
    </failure>
  </testcase> <!-- verifyUserAbleToEnrollConsumeCourseContent -->
  <testcase name="verifyUserAbleToEnrollCourseFromCourseTOCWthNewUser" time="0.007" classname="com.qualitrrix.test.regression.CourseConsumption">
    <failure type="java.lang.IllegalArgumentException" message="Can not set io.appium.java_client.MobileElement field com.qualitrix.pageObjects.DikshaMainPageObjects.sltLang to org.openqa.selenium.remote.RemoteWebElement$$EnhancerByCGLIB$$d27c0df4">
      <![CDATA[java.lang.IllegalArgumentException: Can not set io.appium.java_client.MobileElement field com.qualitrix.pageObjects.DikshaMainPageObjects.sltLang to org.openqa.selenium.remote.RemoteWebElement$$EnhancerByCGLIB$$d27c0df4
at org.openqa.selenium.support.PageFactory.proxyFields(PageFactory.java:117)
at org.openqa.selenium.support.PageFactory.initElements(PageFactory.java:105)
at com.qualitrix.pageActions.DikshaMainPageActions.<init>(DikshaMainPageActions.java:38)
at com.qualitrrix.test.regression.CourseConsumption.getDikshaMainPageActions(CourseConsumption.java:23)
at com.qualitrrix.test.regression.CourseConsumption.verifyUserAbleToEnrollCourseFromCourseTOCWthNewUser(CourseConsumption.java:1471)
at java.util.ArrayList.forEach(ArrayList.java:1259)
at java.util.concurrent.FutureTask.run(FutureTask.java:266)
at java.util.concurrent.ThreadPoolExecutor.runWorker(ThreadPoolExecutor.java:1149)
at java.util.concurrent.ThreadPoolExecutor$Worker.run(ThreadPoolExecutor.java:624)
at java.lang.Thread.run(Thread.java:748)
... Removed 22 stack frames]]>
    </failure>
  </testcase> <!-- verifyUserAbleToEnrollCourseFromCourseTOCWthNewUser -->
  <testcase name="verifyUserAbleToEnrollCourseFromCourseTOCWthOldUser" time="0.006" classname="com.qualitrrix.test.regression.CourseConsumption">
    <failure type="java.lang.IllegalArgumentException" message="Can not set io.appium.java_client.MobileElement field com.qualitrix.pageObjects.DikshaMainPageObjects.sltLang to org.openqa.selenium.remote.RemoteWebElement$$EnhancerByCGLIB$$d27c0df4">
      <![CDATA[java.lang.IllegalArgumentException: Can not set io.appium.java_client.MobileElement field com.qualitrix.pageObjects.DikshaMainPageObjects.sltLang to org.openqa.selenium.remote.RemoteWebElement$$EnhancerByCGLIB$$d27c0df4
at org.openqa.selenium.support.PageFactory.proxyFields(PageFactory.java:117)
at org.openqa.selenium.support.PageFactory.initElements(PageFactory.java:105)
at com.qualitrix.pageActions.DikshaMainPageActions.<init>(DikshaMainPageActions.java:38)
at com.qualitrrix.test.regression.CourseConsumption.getDikshaMainPageActions(CourseConsumption.java:23)
at com.qualitrrix.test.regression.CourseConsumption.verifyUserAbleToEnrollCourseFromCourseTOCWthOldUser(CourseConsumption.java:1499)
at java.util.ArrayList.forEach(ArrayList.java:1259)
at java.util.concurrent.FutureTask.run(FutureTask.java:266)
at java.util.concurrent.ThreadPoolExecutor.runWorker(ThreadPoolExecutor.java:1149)
at java.util.concurrent.ThreadPoolExecutor$Worker.run(ThreadPoolExecutor.java:624)
at java.lang.Thread.run(Thread.java:748)
... Removed 22 stack frames]]>
    </failure>
  </testcase> <!-- verifyUserAbleToEnrollCourseFromCourseTOCWthOldUser -->
  <testcase name="verifyUserAbleToSearchCoursesByTPDfilters" time="0.009" classname="com.qualitrrix.test.regression.CourseConsumption"/>
  <testcase name="verifyUserAbleToSeeBatchSelectionPopupForExpiredAndOngoingBatchCourse" time="0.007" classname="com.qualitrrix.test.regression.CourseConsumption">
    <failure type="java.lang.IllegalArgumentException" message="Can not set io.appium.java_client.MobileElement field com.qualitrix.pageObjects.DikshaMainPageObjects.sltLang to org.openqa.selenium.remote.RemoteWebElement$$EnhancerByCGLIB$$d27c0df4">
      <![CDATA[java.lang.IllegalArgumentException: Can not set io.appium.java_client.MobileElement field com.qualitrix.pageObjects.DikshaMainPageObjects.sltLang to org.openqa.selenium.remote.RemoteWebElement$$EnhancerByCGLIB$$d27c0df4
at org.openqa.selenium.support.PageFactory.proxyFields(PageFactory.java:117)
at org.openqa.selenium.support.PageFactory.initElements(PageFactory.java:105)
at com.qualitrix.pageActions.DikshaMainPageActions.<init>(DikshaMainPageActions.java:38)
at com.qualitrrix.test.regression.CourseConsumption.getDikshaMainPageActions(CourseConsumption.java:23)
at com.qualitrrix.test.regression.CourseConsumption.verifyUserAbleToSeeBatchSelectionPopupForExpiredAndOngoingBatchCourse(CourseConsumption.java:439)
at java.util.ArrayList.forEach(ArrayList.java:1259)
at java.util.concurrent.FutureTask.run(FutureTask.java:266)
at java.util.concurrent.ThreadPoolExecutor.runWorker(ThreadPoolExecutor.java:1149)
at java.util.concurrent.ThreadPoolExecutor$Worker.run(ThreadPoolExecutor.java:624)
at java.lang.Thread.run(Thread.java:748)
... Removed 22 stack frames]]>
    </failure>
  </testcase> <!-- verifyUserAbleToSeeBatchSelectionPopupForExpiredAndOngoingBatchCourse -->
  <testcase name="verifyUserAbleToSeeFutureBatchPopupPostClickingJoinCourseBtn" time="0.01" classname="com.qualitrrix.test.regression.CourseConsumption">
    <failure type="java.lang.IllegalArgumentException" message="Can not set io.appium.java_client.MobileElement field com.qualitrix.pageObjects.DikshaMainPageObjects.sltLang to org.openqa.selenium.remote.RemoteWebElement$$EnhancerByCGLIB$$d27c0df4">
      <![CDATA[java.lang.IllegalArgumentException: Can not set io.appium.java_client.MobileElement field com.qualitrix.pageObjects.DikshaMainPageObjects.sltLang to org.openqa.selenium.remote.RemoteWebElement$$EnhancerByCGLIB$$d27c0df4
at org.openqa.selenium.support.PageFactory.proxyFields(PageFactory.java:117)
at org.openqa.selenium.support.PageFactory.initElements(PageFactory.java:105)
at com.qualitrix.pageActions.DikshaMainPageActions.<init>(DikshaMainPageActions.java:38)
at com.qualitrrix.test.regression.CourseConsumption.getDikshaMainPageActions(CourseConsumption.java:23)
at com.qualitrrix.test.regression.CourseConsumption.verifyUserAbleToSeeFutureBatchPopupPostClickingJoinCourseBtn(CourseConsumption.java:371)
at java.util.ArrayList.forEach(ArrayList.java:1259)
at java.util.concurrent.FutureTask.run(FutureTask.java:266)
at java.util.concurrent.ThreadPoolExecutor.runWorker(ThreadPoolExecutor.java:1149)
at java.util.concurrent.ThreadPoolExecutor$Worker.run(ThreadPoolExecutor.java:624)
at java.lang.Thread.run(Thread.java:748)
... Removed 22 stack frames]]>
    </failure>
  </testcase> <!-- verifyUserAbleToSeeFutureBatchPopupPostClickingJoinCourseBtn -->
  <testcase name="verifyUserNavigatedToOpenBatchesDirectlyWithoutSeeingExpiredBatchPopup" time="0.017" classname="com.qualitrrix.test.regression.CourseConsumption">
    <failure type="java.lang.IllegalArgumentException" message="Can not set io.appium.java_client.MobileElement field com.qualitrix.pageObjects.DikshaMainPageObjects.sltLang to org.openqa.selenium.remote.RemoteWebElement$$EnhancerByCGLIB$$d27c0df4">
      <![CDATA[java.lang.IllegalArgumentException: Can not set io.appium.java_client.MobileElement field com.qualitrix.pageObjects.DikshaMainPageObjects.sltLang to org.openqa.selenium.remote.RemoteWebElement$$EnhancerByCGLIB$$d27c0df4
at org.openqa.selenium.support.PageFactory.proxyFields(PageFactory.java:117)
at org.openqa.selenium.support.PageFactory.initElements(PageFactory.java:105)
at com.qualitrix.pageActions.DikshaMainPageActions.<init>(DikshaMainPageActions.java:38)
at com.qualitrrix.test.regression.CourseConsumption.getDikshaMainPageActions(CourseConsumption.java:23)
at com.qualitrrix.test.regression.CourseConsumption.verifyUserNavigatedToOpenBatchesDirectlyWithoutSeeingExpiredBatchPopup(CourseConsumption.java:211)
at java.util.ArrayList.forEach(ArrayList.java:1259)
at java.util.concurrent.FutureTask.run(FutureTask.java:266)
at java.util.concurrent.ThreadPoolExecutor.runWorker(ThreadPoolExecutor.java:1149)
at java.util.concurrent.ThreadPoolExecutor$Worker.run(ThreadPoolExecutor.java:624)
at java.lang.Thread.run(Thread.java:748)
... Removed 22 stack frames]]>
    </failure>
  </testcase> <!-- verifyUserNavigatedToOpenBatchesDirectlyWithoutSeeingExpiredBatchPopup -->
  <testcase name="verifyUserNotAbleToEnrollTheCourseWithEnrollementEndDatePassed" time="0.005" classname="com.qualitrrix.test.regression.CourseConsumption">
    <failure type="java.lang.IllegalArgumentException" message="Can not set io.appium.java_client.MobileElement field com.qualitrix.pageObjects.DikshaMainPageObjects.sltLang to org.openqa.selenium.remote.RemoteWebElement$$EnhancerByCGLIB$$d27c0df4">
      <![CDATA[java.lang.IllegalArgumentException: Can not set io.appium.java_client.MobileElement field com.qualitrix.pageObjects.DikshaMainPageObjects.sltLang to org.openqa.selenium.remote.RemoteWebElement$$EnhancerByCGLIB$$d27c0df4
at org.openqa.selenium.support.PageFactory.proxyFields(PageFactory.java:117)
at org.openqa.selenium.support.PageFactory.initElements(PageFactory.java:105)
at com.qualitrix.pageActions.DikshaMainPageActions.<init>(DikshaMainPageActions.java:38)
at com.qualitrrix.test.regression.CourseConsumption.verifyUserNotAbleToEnrollTheCourseWithEnrollementEndDatePassed(CourseConsumption.java:175)
at java.util.ArrayList.forEach(ArrayList.java:1259)
at java.util.concurrent.FutureTask.run(FutureTask.java:266)
at java.util.concurrent.ThreadPoolExecutor.runWorker(ThreadPoolExecutor.java:1149)
at java.util.concurrent.ThreadPoolExecutor$Worker.run(ThreadPoolExecutor.java:624)
at java.lang.Thread.run(Thread.java:748)
... Removed 22 stack frames]]>
    </failure>
  </testcase> <!-- verifyUserNotAbleToEnrollTheCourseWithEnrollementEndDatePassed -->
  <testcase name="verifyUserNotAbleToSeeBatchSelectionPopUpForBatchEqualsOngoing" time="0.008" classname="com.qualitrrix.test.regression.CourseConsumption">
    <failure type="java.lang.IllegalArgumentException" message="Can not set io.appium.java_client.MobileElement field com.qualitrix.pageObjects.DikshaMainPageObjects.sltLang to org.openqa.selenium.remote.RemoteWebElement$$EnhancerByCGLIB$$d27c0df4">
      <![CDATA[java.lang.IllegalArgumentException: Can not set io.appium.java_client.MobileElement field com.qualitrix.pageObjects.DikshaMainPageObjects.sltLang to org.openqa.selenium.remote.RemoteWebElement$$EnhancerByCGLIB$$d27c0df4
at org.openqa.selenium.support.PageFactory.proxyFields(PageFactory.java:117)
at org.openqa.selenium.support.PageFactory.initElements(PageFactory.java:105)
at com.qualitrix.pageActions.DikshaMainPageActions.<init>(DikshaMainPageActions.java:38)
at com.qualitrrix.test.regression.CourseConsumption.getDikshaMainPageActions(CourseConsumption.java:23)
at com.qualitrrix.test.regression.CourseConsumption.verifyUserNotAbleToSeeBatchSelectionPopUpForBatchEqualsOngoing(CourseConsumption.java:475)
at java.util.ArrayList.forEach(ArrayList.java:1259)
at java.util.concurrent.FutureTask.run(FutureTask.java:266)
at java.util.concurrent.ThreadPoolExecutor.runWorker(ThreadPoolExecutor.java:1149)
at java.util.concurrent.ThreadPoolExecutor$Worker.run(ThreadPoolExecutor.java:624)
at java.lang.Thread.run(Thread.java:748)
... Removed 22 stack frames]]>
    </failure>
  </testcase> <!-- verifyUserNotAbleToSeeBatchSelectionPopUpForBatchEqualsOngoing -->
  <testcase name="verifyUserShouldRedirectToOngoingCoursePostSearchAndClickCourse" time="0.007" classname="com.qualitrrix.test.regression.CourseConsumption">
    <failure type="java.lang.IllegalArgumentException" message="Can not set io.appium.java_client.MobileElement field com.qualitrix.pageObjects.DikshaMainPageObjects.sltLang to org.openqa.selenium.remote.RemoteWebElement$$EnhancerByCGLIB$$d27c0df4">
      <![CDATA[java.lang.IllegalArgumentException: Can not set io.appium.java_client.MobileElement field com.qualitrix.pageObjects.DikshaMainPageObjects.sltLang to org.openqa.selenium.remote.RemoteWebElement$$EnhancerByCGLIB$$d27c0df4
at org.openqa.selenium.support.PageFactory.proxyFields(PageFactory.java:117)
at org.openqa.selenium.support.PageFactory.initElements(PageFactory.java:105)
at com.qualitrix.pageActions.DikshaMainPageActions.<init>(DikshaMainPageActions.java:38)
at com.qualitrrix.test.regression.CourseConsumption.verifyUserShouldRedirectToOngoingCoursePostSearchAndClickCourse(CourseConsumption.java:619)
at java.util.ArrayList.forEach(ArrayList.java:1259)
at java.util.concurrent.FutureTask.run(FutureTask.java:266)
at java.util.concurrent.ThreadPoolExecutor.runWorker(ThreadPoolExecutor.java:1149)
at java.util.concurrent.ThreadPoolExecutor$Worker.run(ThreadPoolExecutor.java:624)
at java.lang.Thread.run(Thread.java:748)
... Removed 22 stack frames]]>
    </failure>
  </testcase> <!-- verifyUserShouldRedirectToOngoingCoursePostSearchAndClickCourse -->
  <testcase name="NoLeaveCourseForCompletedCourse" time="0.003" classname="com.qualitrrix.test.regression.CourseConsumption2">
    <failure type="java.lang.IllegalArgumentException" message="Can not set io.appium.java_client.MobileElement field com.qualitrix.pageObjects.DikshaMainPageObjects.sltLang to org.openqa.selenium.remote.RemoteWebElement$$EnhancerByCGLIB$$d27c0df4">
      <![CDATA[java.lang.IllegalArgumentException: Can not set io.appium.java_client.MobileElement field com.qualitrix.pageObjects.DikshaMainPageObjects.sltLang to org.openqa.selenium.remote.RemoteWebElement$$EnhancerByCGLIB$$d27c0df4
at org.openqa.selenium.support.PageFactory.proxyFields(PageFactory.java:117)
at org.openqa.selenium.support.PageFactory.initElements(PageFactory.java:105)
at com.qualitrix.pageActions.DikshaMainPageActions.<init>(DikshaMainPageActions.java:38)
at com.qualitrrix.test.regression.CourseConsumption2.getDikshaMainPageActions(CourseConsumption2.java:23)
at com.qualitrrix.test.regression.CourseConsumption2.NoLeaveCourseForCompletedCourse(CourseConsumption2.java:1643)
at java.util.ArrayList.forEach(ArrayList.java:1259)
at java.util.concurrent.FutureTask.run(FutureTask.java:266)
at java.util.concurrent.ThreadPoolExecutor.runWorker(ThreadPoolExecutor.java:1149)
at java.util.concurrent.ThreadPoolExecutor$Worker.run(ThreadPoolExecutor.java:624)
at java.lang.Thread.run(Thread.java:748)
... Removed 22 stack frames]]>
    </failure>
  </testcase> <!-- NoLeaveCourseForCompletedCourse -->
  <testcase name="courseNameInProfileTab" time="0.008" classname="com.qualitrrix.test.regression.CourseConsumption2">
    <failure type="java.lang.IllegalArgumentException" message="Can not set io.appium.java_client.MobileElement field com.qualitrix.pageObjects.DikshaMainPageObjects.sltLang to org.openqa.selenium.remote.RemoteWebElement$$EnhancerByCGLIB$$d27c0df4">
      <![CDATA[java.lang.IllegalArgumentException: Can not set io.appium.java_client.MobileElement field com.qualitrix.pageObjects.DikshaMainPageObjects.sltLang to org.openqa.selenium.remote.RemoteWebElement$$EnhancerByCGLIB$$d27c0df4
at org.openqa.selenium.support.PageFactory.proxyFields(PageFactory.java:117)
at org.openqa.selenium.support.PageFactory.initElements(PageFactory.java:105)
at com.qualitrix.pageActions.DikshaMainPageActions.<init>(DikshaMainPageActions.java:38)
at com.qualitrrix.test.regression.CourseConsumption2.getDikshaMainPageActions(CourseConsumption2.java:23)
at com.qualitrrix.test.regression.CourseConsumption2.courseNameInProfileTab(CourseConsumption2.java:875)
at java.util.ArrayList.forEach(ArrayList.java:1259)
at java.util.concurrent.FutureTask.run(FutureTask.java:266)
at java.util.concurrent.ThreadPoolExecutor.runWorker(ThreadPoolExecutor.java:1149)
at java.util.concurrent.ThreadPoolExecutor$Worker.run(ThreadPoolExecutor.java:624)
at java.lang.Thread.run(Thread.java:748)
... Removed 22 stack frames]]>
    </failure>
  </testcase> <!-- courseNameInProfileTab -->
  <testcase name="nameChangePopupIsDisplayedForCustodianUser" time="0.041" classname="com.qualitrrix.test.regression.CourseConsumption2">
    <failure type="java.lang.IllegalArgumentException" message="Can not set io.appium.java_client.MobileElement field com.qualitrix.pageObjects.DikshaMainPageObjects.sltLang to org.openqa.selenium.remote.RemoteWebElement$$EnhancerByCGLIB$$d27c0df4">
      <![CDATA[java.lang.IllegalArgumentException: Can not set io.appium.java_client.MobileElement field com.qualitrix.pageObjects.DikshaMainPageObjects.sltLang to org.openqa.selenium.remote.RemoteWebElement$$EnhancerByCGLIB$$d27c0df4
at org.openqa.selenium.support.PageFactory.proxyFields(PageFactory.java:117)
at org.openqa.selenium.support.PageFactory.initElements(PageFactory.java:105)
at com.qualitrix.pageActions.DikshaMainPageActions.<init>(DikshaMainPageActions.java:38)
at com.qualitrrix.test.regression.CourseConsumption2.getDikshaMainPageActions(CourseConsumption2.java:23)
at com.qualitrrix.test.regression.CourseConsumption2.nameChangePopupIsDisplayedForCustodianUser(CourseConsumption2.java:452)
at java.util.ArrayList.forEach(ArrayList.java:1259)
at java.util.concurrent.FutureTask.run(FutureTask.java:266)
at java.util.concurrent.ThreadPoolExecutor.runWorker(ThreadPoolExecutor.java:1149)
at java.util.concurrent.ThreadPoolExecutor$Worker.run(ThreadPoolExecutor.java:624)
at java.lang.Thread.run(Thread.java:748)
... Removed 22 stack frames]]>
    </failure>
  </testcase> <!-- nameChangePopupIsDisplayedForCustodianUser -->
  <testcase name="noProfileNameChangePopupWhileConsumingCourseWhenLoggedInWithSSOUser" time="0.014" classname="com.qualitrrix.test.regression.CourseConsumption2">
    <failure type="java.lang.IllegalArgumentException" message="Can not set io.appium.java_client.MobileElement field com.qualitrix.pageObjects.DikshaMainPageObjects.sltLang to org.openqa.selenium.remote.RemoteWebElement$$EnhancerByCGLIB$$d27c0df4">
      <![CDATA[java.lang.IllegalArgumentException: Can not set io.appium.java_client.MobileElement field com.qualitrix.pageObjects.DikshaMainPageObjects.sltLang to org.openqa.selenium.remote.RemoteWebElement$$EnhancerByCGLIB$$d27c0df4
at org.openqa.selenium.support.PageFactory.proxyFields(PageFactory.java:117)
at org.openqa.selenium.support.PageFactory.initElements(PageFactory.java:105)
at com.qualitrix.pageActions.DikshaMainPageActions.<init>(DikshaMainPageActions.java:38)
at com.qualitrrix.test.regression.CourseConsumption2.getDikshaMainPageActions(CourseConsumption2.java:23)
at com.qualitrrix.test.regression.CourseConsumption2.noProfileNameChangePopupWhileConsumingCourseWhenLoggedInWithSSOUser(CourseConsumption2.java:559)
at java.util.ArrayList.forEach(ArrayList.java:1259)
at java.util.concurrent.FutureTask.run(FutureTask.java:266)
at java.util.concurrent.ThreadPoolExecutor.runWorker(ThreadPoolExecutor.java:1149)
at java.util.concurrent.ThreadPoolExecutor$Worker.run(ThreadPoolExecutor.java:624)
at java.lang.Thread.run(Thread.java:748)
... Removed 22 stack frames]]>
    </failure>
  </testcase> <!-- noProfileNameChangePopupWhileConsumingCourseWhenLoggedInWithSSOUser -->
  <testcase name="validateContinueBtnInLastAttemptMsgAndMaxAttemptsExceededMsg" time="0.016" classname="com.qualitrrix.test.regression.CourseConsumption2">
    <failure type="java.lang.IllegalArgumentException" message="Can not set io.appium.java_client.MobileElement field com.qualitrix.pageObjects.DikshaMainPageObjects.sltLang to org.openqa.selenium.remote.RemoteWebElement$$EnhancerByCGLIB$$d27c0df4">
      <![CDATA[java.lang.IllegalArgumentException: Can not set io.appium.java_client.MobileElement field com.qualitrix.pageObjects.DikshaMainPageObjects.sltLang to org.openqa.selenium.remote.RemoteWebElement$$EnhancerByCGLIB$$d27c0df4
at org.openqa.selenium.support.PageFactory.proxyFields(PageFactory.java:117)
at org.openqa.selenium.support.PageFactory.initElements(PageFactory.java:105)
at com.qualitrix.pageActions.DikshaMainPageActions.<init>(DikshaMainPageActions.java:38)
at com.qualitrrix.test.regression.CourseConsumption2.getDikshaMainPageActions(CourseConsumption2.java:23)
at com.qualitrrix.test.regression.CourseConsumption2.validateContinueBtnInLastAttemptMsgAndMaxAttemptsExceededMsg(CourseConsumption2.java:1097)
at java.util.ArrayList.forEach(ArrayList.java:1259)
at java.util.concurrent.FutureTask.run(FutureTask.java:266)
at java.util.concurrent.ThreadPoolExecutor.runWorker(ThreadPoolExecutor.java:1149)
at java.util.concurrent.ThreadPoolExecutor$Worker.run(ThreadPoolExecutor.java:624)
at java.lang.Thread.run(Thread.java:748)
... Removed 22 stack frames]]>
    </failure>
  </testcase> <!-- validateContinueBtnInLastAttemptMsgAndMaxAttemptsExceededMsg -->
  <testcase name="validateNoCertificateMsgINCourseTOC" time="0.011" classname="com.qualitrrix.test.regression.CourseConsumption2">
    <failure type="java.lang.IllegalArgumentException" message="Can not set io.appium.java_client.MobileElement field com.qualitrix.pageObjects.DikshaMainPageObjects.sltLang to org.openqa.selenium.remote.RemoteWebElement$$EnhancerByCGLIB$$d27c0df4">
      <![CDATA[java.lang.IllegalArgumentException: Can not set io.appium.java_client.MobileElement field com.qualitrix.pageObjects.DikshaMainPageObjects.sltLang to org.openqa.selenium.remote.RemoteWebElement$$EnhancerByCGLIB$$d27c0df4
at org.openqa.selenium.support.PageFactory.proxyFields(PageFactory.java:117)
at org.openqa.selenium.support.PageFactory.initElements(PageFactory.java:105)
at com.qualitrix.pageActions.DikshaMainPageActions.<init>(DikshaMainPageActions.java:38)
at com.qualitrrix.test.regression.CourseConsumption2.getDikshaMainPageActions(CourseConsumption2.java:23)
at com.qualitrrix.test.regression.CourseConsumption2.validateNoCertificateMsgINCourseTOC(CourseConsumption2.java:129)
at java.util.ArrayList.forEach(ArrayList.java:1259)
at java.util.concurrent.FutureTask.run(FutureTask.java:266)
at java.util.concurrent.ThreadPoolExecutor.runWorker(ThreadPoolExecutor.java:1149)
at java.util.concurrent.ThreadPoolExecutor$Worker.run(ThreadPoolExecutor.java:624)
at java.lang.Thread.run(Thread.java:748)
... Removed 22 stack frames]]>
    </failure>
  </testcase> <!-- validateNoCertificateMsgINCourseTOC -->
  <testcase name="validateTimerDisplayedInCourseExpireInTwoDays" time="0.016" classname="com.qualitrrix.test.regression.CourseConsumption2">
    <failure type="java.lang.IllegalArgumentException" message="Can not set io.appium.java_client.MobileElement field com.qualitrix.pageObjects.DikshaMainPageObjects.sltLang to org.openqa.selenium.remote.RemoteWebElement$$EnhancerByCGLIB$$d27c0df4">
      <![CDATA[java.lang.IllegalArgumentException: Can not set io.appium.java_client.MobileElement field com.qualitrix.pageObjects.DikshaMainPageObjects.sltLang to org.openqa.selenium.remote.RemoteWebElement$$EnhancerByCGLIB$$d27c0df4
at org.openqa.selenium.support.PageFactory.proxyFields(PageFactory.java:117)
at org.openqa.selenium.support.PageFactory.initElements(PageFactory.java:105)
at com.qualitrix.pageActions.DikshaMainPageActions.<init>(DikshaMainPageActions.java:38)
at com.qualitrrix.test.regression.CourseConsumption2.getDikshaMainPageActions(CourseConsumption2.java:23)
at com.qualitrrix.test.regression.CourseConsumption2.validateTimerDisplayedInCourseExpireInTwoDays(CourseConsumption2.java:1301)
at java.util.ArrayList.forEach(ArrayList.java:1259)
at java.util.concurrent.FutureTask.run(FutureTask.java:266)
at java.util.concurrent.ThreadPoolExecutor.runWorker(ThreadPoolExecutor.java:1149)
at java.util.concurrent.ThreadPoolExecutor$Worker.run(ThreadPoolExecutor.java:624)
at java.lang.Thread.run(Thread.java:748)
... Removed 22 stack frames]]>
    </failure>
  </testcase> <!-- validateTimerDisplayedInCourseExpireInTwoDays -->
  <testcase name="validateTimerNotDisplayedInCourseWithNoEndDate" time="0.007" classname="com.qualitrrix.test.regression.CourseConsumption2">
    <failure type="java.lang.IllegalArgumentException" message="Can not set io.appium.java_client.MobileElement field com.qualitrix.pageObjects.DikshaMainPageObjects.sltLang to org.openqa.selenium.remote.RemoteWebElement$$EnhancerByCGLIB$$d27c0df4">
      <![CDATA[java.lang.IllegalArgumentException: Can not set io.appium.java_client.MobileElement field com.qualitrix.pageObjects.DikshaMainPageObjects.sltLang to org.openqa.selenium.remote.RemoteWebElement$$EnhancerByCGLIB$$d27c0df4
at org.openqa.selenium.support.PageFactory.proxyFields(PageFactory.java:117)
at org.openqa.selenium.support.PageFactory.initElements(PageFactory.java:105)
at com.qualitrix.pageActions.DikshaMainPageActions.<init>(DikshaMainPageActions.java:38)
at com.qualitrrix.test.regression.CourseConsumption2.getDikshaMainPageActions(CourseConsumption2.java:23)
at com.qualitrrix.test.regression.CourseConsumption2.validateTimerNotDisplayedInCourseWithNoEndDate(CourseConsumption2.java:1264)
at java.util.ArrayList.forEach(ArrayList.java:1259)
at java.util.concurrent.FutureTask.run(FutureTask.java:266)
at java.util.concurrent.ThreadPoolExecutor.runWorker(ThreadPoolExecutor.java:1149)
at java.util.concurrent.ThreadPoolExecutor$Worker.run(ThreadPoolExecutor.java:624)
at java.lang.Thread.run(Thread.java:748)
... Removed 22 stack frames]]>
    </failure>
  </testcase> <!-- validateTimerNotDisplayedInCourseWithNoEndDate -->
  <testcase name="verifyCertificateCriteriaLabelInCertificateAttachedCourseTOC" time="0.005" classname="com.qualitrrix.test.regression.CourseConsumption2">
    <failure type="java.lang.IllegalArgumentException" message="Can not set io.appium.java_client.MobileElement field com.qualitrix.pageObjects.DikshaMainPageObjects.sltLang to org.openqa.selenium.remote.RemoteWebElement$$EnhancerByCGLIB$$d27c0df4">
      <![CDATA[java.lang.IllegalArgumentException: Can not set io.appium.java_client.MobileElement field com.qualitrix.pageObjects.DikshaMainPageObjects.sltLang to org.openqa.selenium.remote.RemoteWebElement$$EnhancerByCGLIB$$d27c0df4
at org.openqa.selenium.support.PageFactory.proxyFields(PageFactory.java:117)
at org.openqa.selenium.support.PageFactory.initElements(PageFactory.java:105)
at com.qualitrix.pageActions.DikshaMainPageActions.<init>(DikshaMainPageActions.java:38)
at com.qualitrrix.test.regression.CourseConsumption2.getDikshaMainPageActions(CourseConsumption2.java:23)
at com.qualitrrix.test.regression.CourseConsumption2.verifyCertificateCriteriaLabelInCertificateAttachedCourseTOC(CourseConsumption2.java:291)
at java.util.ArrayList.forEach(ArrayList.java:1259)
at java.util.concurrent.FutureTask.run(FutureTask.java:266)
at java.util.concurrent.ThreadPoolExecutor.runWorker(ThreadPoolExecutor.java:1149)
at java.util.concurrent.ThreadPoolExecutor$Worker.run(ThreadPoolExecutor.java:624)
at java.lang.Thread.run(Thread.java:748)
... Removed 22 stack frames]]>
    </failure>
  </testcase> <!-- verifyCertificateCriteriaLabelInCertificateAttachedCourseTOC -->
  <testcase name="verifyCertificateDetailsPreAndPostConsumeCourse" time="0.019" classname="com.qualitrrix.test.regression.CourseConsumption2">
    <failure type="java.lang.IllegalArgumentException" message="Can not set io.appium.java_client.MobileElement field com.qualitrix.pageObjects.DikshaMainPageObjects.sltLang to org.openqa.selenium.remote.RemoteWebElement$$EnhancerByCGLIB$$d27c0df4">
      <![CDATA[java.lang.IllegalArgumentException: Can not set io.appium.java_client.MobileElement field com.qualitrix.pageObjects.DikshaMainPageObjects.sltLang to org.openqa.selenium.remote.RemoteWebElement$$EnhancerByCGLIB$$d27c0df4
at org.openqa.selenium.support.PageFactory.proxyFields(PageFactory.java:117)
at org.openqa.selenium.support.PageFactory.initElements(PageFactory.java:105)
at com.qualitrix.pageActions.DikshaMainPageActions.<init>(DikshaMainPageActions.java:38)
at com.qualitrrix.test.regression.CourseConsumption2.getDikshaMainPageActions(CourseConsumption2.java:23)
at com.qualitrrix.test.regression.CourseConsumption2.verifyCertificateDetailsPreAndPostConsumeCourse(CourseConsumption2.java:1787)
at java.util.ArrayList.forEach(ArrayList.java:1259)
at java.util.concurrent.FutureTask.run(FutureTask.java:266)
at java.util.concurrent.ThreadPoolExecutor.runWorker(ThreadPoolExecutor.java:1149)
at java.util.concurrent.ThreadPoolExecutor$Worker.run(ThreadPoolExecutor.java:624)
at java.lang.Thread.run(Thread.java:748)
... Removed 22 stack frames]]>
    </failure>
  </testcase> <!-- verifyCertificateDetailsPreAndPostConsumeCourse -->
  <testcase name="verifyCertificateDownloadingToastMessage" time="0.007" classname="com.qualitrrix.test.regression.CourseConsumption2">
    <failure type="java.lang.IllegalArgumentException" message="Can not set io.appium.java_client.MobileElement field com.qualitrix.pageObjects.DikshaMainPageObjects.sltLang to org.openqa.selenium.remote.RemoteWebElement$$EnhancerByCGLIB$$d27c0df4">
      <![CDATA[java.lang.IllegalArgumentException: Can not set io.appium.java_client.MobileElement field com.qualitrix.pageObjects.DikshaMainPageObjects.sltLang to org.openqa.selenium.remote.RemoteWebElement$$EnhancerByCGLIB$$d27c0df4
at org.openqa.selenium.support.PageFactory.proxyFields(PageFactory.java:117)
at org.openqa.selenium.support.PageFactory.initElements(PageFactory.java:105)
at com.qualitrix.pageActions.DikshaMainPageActions.<init>(DikshaMainPageActions.java:38)
at com.qualitrrix.test.regression.CourseConsumption2.verifyCertificateDownloadingToastMessage(CourseConsumption2.java:71)
at java.util.ArrayList.forEach(ArrayList.java:1259)
at java.util.concurrent.FutureTask.run(FutureTask.java:266)
at java.util.concurrent.ThreadPoolExecutor.runWorker(ThreadPoolExecutor.java:1149)
at java.util.concurrent.ThreadPoolExecutor$Worker.run(ThreadPoolExecutor.java:624)
at java.lang.Thread.run(Thread.java:748)
... Removed 22 stack frames]]>
    </failure>
  </testcase> <!-- verifyCertificateDownloadingToastMessage -->
  <testcase name="verifyCompletedCourseAndNoCertificateMsg" time="0.013" classname="com.qualitrrix.test.regression.CourseConsumption2">
    <failure type="java.lang.IllegalArgumentException" message="Can not set io.appium.java_client.MobileElement field com.qualitrix.pageObjects.DikshaMainPageObjects.sltLang to org.openqa.selenium.remote.RemoteWebElement$$EnhancerByCGLIB$$d27c0df4">
      <![CDATA[java.lang.IllegalArgumentException: Can not set io.appium.java_client.MobileElement field com.qualitrix.pageObjects.DikshaMainPageObjects.sltLang to org.openqa.selenium.remote.RemoteWebElement$$EnhancerByCGLIB$$d27c0df4
at org.openqa.selenium.support.PageFactory.proxyFields(PageFactory.java:117)
at org.openqa.selenium.support.PageFactory.initElements(PageFactory.java:105)
at com.qualitrix.pageActions.DikshaMainPageActions.<init>(DikshaMainPageActions.java:38)
at com.qualitrrix.test.regression.CourseConsumption2.getDikshaMainPageActions(CourseConsumption2.java:23)
at com.qualitrrix.test.regression.CourseConsumption2.verifyCompletedCourseAndNoCertificateMsg(CourseConsumption2.java:1833)
at java.util.ArrayList.forEach(ArrayList.java:1259)
at java.util.concurrent.FutureTask.run(FutureTask.java:266)
[...]
at com.qualitrrix.test.regression.CourseConsumption2.verifySyncProgressNowPostCompletingTheCourse(CourseConsumption2.java:1484)
at java.util.ArrayList.forEach(ArrayList.java:1259)
at java.util.concurrent.FutureTask.run(FutureTask.java:266)
at java.util.concurrent.ThreadPoolExecutor.runWorker(ThreadPoolExecutor.java:1149)
at java.util.concurrent.ThreadPoolExecutor$Worker.run(ThreadPoolExecutor.java:624)
at java.lang.Thread.run(Thread.java:748)
... Removed 22 stack frames]]>
    </failure>
  </testcase> <!-- verifySyncProgressNowPostCompletingTheCourse -->
  <testcase name="verifyTotalScoreGetsUpdatedInCourseTOCPostConsumingAllAttempts" time="0.006" classname="com.qualitrrix.test.regression.CourseConsumption2">
    <failure type="java.lang.IllegalArgumentException" message="Can not set io.appium.java_client.MobileElement field com.qualitrix.pageObjects.DikshaMainPageObjects.sltLang to org.openqa.selenium.remote.RemoteWebElement$$EnhancerByCGLIB$$d27c0df4">
      <![CDATA[java.lang.IllegalArgumentException: Can not set io.appium.java_client.MobileElement field com.qualitrix.pageObjects.DikshaMainPageObjects.sltLang to org.openqa.selenium.remote.RemoteWebElement$$EnhancerByCGLIB$$d27c0df4
at org.openqa.selenium.support.PageFactory.proxyFields(PageFactory.java:117)
at org.openqa.selenium.support.PageFactory.initElements(PageFactory.java:105)
at com.qualitrix.pageActions.DikshaMainPageActions.<init>(DikshaMainPageActions.java:38)
at com.qualitrrix.test.regression.CourseConsumption2.getDikshaMainPageActions(CourseConsumption2.java:23)
at com.qualitrrix.test.regression.CourseConsumption2.verifyTotalScoreGetsUpdatedInCourseTOCPostConsumingAllAttempts(CourseConsumption2.java:1041)
at java.util.ArrayList.forEach(ArrayList.java:1259)
at java.util.concurrent.FutureTask.run(FutureTask.java:266)
at java.util.concurrent.ThreadPoolExecutor.runWorker(ThreadPoolExecutor.java:1149)
at java.util.concurrent.ThreadPoolExecutor$Worker.run(ThreadPoolExecutor.java:624)
at java.lang.Thread.run(Thread.java:748)
... Removed 22 stack frames]]>
    </failure>
  </testcase> <!-- verifyTotalScoreGetsUpdatedInCourseTOCPostConsumingAllAttempts -->
  <testcase name="verifyUpNextContentAtTheEndPageOfTheQuestionSet" time="0.006" classname="com.qualitrrix.test.regression.CourseConsumption2">
    <failure type="java.lang.IllegalArgumentException" message="Can not set io.appium.java_client.MobileElement field com.qualitrix.pageObjects.DikshaMainPageObjects.sltLang to org.openqa.selenium.remote.RemoteWebElement$$EnhancerByCGLIB$$d27c0df4">
      <![CDATA[java.lang.IllegalArgumentException: Can not set io.appium.java_client.MobileElement field com.qualitrix.pageObjects.DikshaMainPageObjects.sltLang to org.openqa.selenium.remote.RemoteWebElement$$EnhancerByCGLIB$$d27c0df4
at org.openqa.selenium.support.PageFactory.proxyFields(PageFactory.java:117)
at org.openqa.selenium.support.PageFactory.initElements(PageFactory.java:105)
at com.qualitrix.pageActions.DikshaMainPageActions.<init>(DikshaMainPageActions.java:38)
at com.qualitrrix.test.regression.CourseConsumption2.getDikshaMainPageActions(CourseConsumption2.java:23)
at com.qualitrrix.test.regression.CourseConsumption2.verifyUpNextContentAtTheEndPageOfTheQuestionSet(CourseConsumption2.java:1154)
at java.util.ArrayList.forEach(ArrayList.java:1259)
at java.util.concurrent.FutureTask.run(FutureTask.java:266)
at java.util.concurrent.ThreadPoolExecutor.runWorker(ThreadPoolExecutor.java:1149)
at java.util.concurrent.ThreadPoolExecutor$Worker.run(ThreadPoolExecutor.java:624)
at java.lang.Thread.run(Thread.java:748)
... Removed 22 stack frames]]>
    </failure>
  </testcase> <!-- verifyUpNextContentAtTheEndPageOfTheQuestionSet -->
  <testcase name="verifyUserAbleConsumePDFCourseTillLastPageAndProgressUpdated" time="0.017" classname="com.qualitrrix.test.regression.CourseConsumption2">
    <failure type="java.lang.IllegalArgumentException" message="Can not set io.appium.java_client.MobileElement field com.qualitrix.pageObjects.DikshaMainPageObjects.sltLang to org.openqa.selenium.remote.RemoteWebElement$$EnhancerByCGLIB$$d27c0df4">
      <![CDATA[java.lang.IllegalArgumentException: Can not set io.appium.java_client.MobileElement field com.qualitrix.pageObjects.DikshaMainPageObjects.sltLang to org.openqa.selenium.remote.RemoteWebElement$$EnhancerByCGLIB$$d27c0df4
at org.openqa.selenium.support.PageFactory.proxyFields(PageFactory.java:117)
at org.openqa.selenium.support.PageFactory.initElements(PageFactory.java:105)
at com.qualitrix.pageActions.DikshaMainPageActions.<init>(DikshaMainPageActions.java:38)
at com.qualitrrix.test.regression.CourseConsumption2.getDikshaMainPageActions(CourseConsumption2.java:23)
at com.qualitrrix.test.regression.CourseConsumption2.verifyUserAbleConsumePDFCourseTillLastPageAndProgressUpdated(CourseConsumption2.java:1886)
at java.util.ArrayList.forEach(ArrayList.java:1259)
at java.util.concurrent.FutureTask.run(FutureTask.java:266)
at java.util.concurrent.ThreadPoolExecutor.runWorker(ThreadPoolExecutor.java:1149)
at java.util.concurrent.ThreadPoolExecutor$Worker.run(ThreadPoolExecutor.java:624)
at java.lang.Thread.run(Thread.java:748)
... Removed 22 stack frames]]>
    </failure>
  </testcase> <!-- verifyUserAbleConsumePDFCourseTillLastPageAndProgressUpdated -->
  <testcase name="verifyUserAbleDownloadAndPlayCourseContent" time="0.004" classname="com.qualitrrix.test.regression.CourseConsumption2"/>
  <testcase name="verifyUserAbleToClickMoreBtnAndScrollTillEndInCourseAndMyLearningSections" time="0.004" classname="com.qualitrrix.test.regression.CourseConsumption2">
    <failure type="java.lang.IllegalArgumentException" message="Can not set io.appium.java_client.MobileElement field com.qualitrix.pageObjects.DikshaMainPageObjects.sltLang to org.openqa.selenium.remote.RemoteWebElement$$EnhancerByCGLIB$$d27c0df4">
      <![CDATA[java.lang.IllegalArgumentException: Can not set io.appium.java_client.MobileElement field com.qualitrix.pageObjects.DikshaMainPageObjects.sltLang to org.openqa.selenium.remote.RemoteWebElement$$EnhancerByCGLIB$$d27c0df4
at org.openqa.selenium.support.PageFactory.proxyFields(PageFactory.java:117)
at org.openqa.selenium.support.PageFactory.initElements(PageFactory.java:105)
at com.qualitrix.pageActions.DikshaMainPageActions.<init>(DikshaMainPageActions.java:38)
at com.qualitrrix.test.regression.CourseConsumption2.getDikshaMainPageActions(CourseConsumption2.java:23)
at com.qualitrrix.test.regression.CourseConsumption2.verifyUserAbleToClickMoreBtnAndScrollTillEndInCourseAndMyLearningSections(CourseConsumption2.java:1753)
at java.util.ArrayList.forEach(ArrayList.java:1259)
at java.util.concurrent.FutureTask.run(FutureTask.java:266)
at java.util.concurrent.ThreadPoolExecutor.runWorker(ThreadPoolExecutor.java:1149)
at java.util.concurrent.ThreadPoolExecutor$Worker.run(ThreadPoolExecutor.java:624)
at java.lang.Thread.run(Thread.java:748)
... Removed 22 stack frames]]>
    </failure>
  </testcase> <!-- verifyUserAbleToClickMoreBtnAndScrollTillEndInCourseAndMyLearningSections -->
  <testcase name="verifyUserAbleToConsumeCourseWithQuestionSetSmoothly" time="0.003" classname="com.qualitrrix.test.regression.CourseConsumption2">
    <failure type="java.lang.IllegalArgumentException" message="Can not set io.appium.java_client.MobileElement field com.qualitrix.pageObjects.DikshaMainPageObjects.sltLang to org.openqa.selenium.remote.RemoteWebElement$$EnhancerByCGLIB$$d27c0df4">
      <![CDATA[java.lang.IllegalArgumentException: Can not set io.appium.java_client.MobileElement field com.qualitrix.pageObjects.DikshaMainPageObjects.sltLang to org.openqa.selenium.remote.RemoteWebElement$$EnhancerByCGLIB$$d27c0df4
at org.openqa.selenium.support.PageFactory.proxyFields(PageFactory.java:117)
at org.openqa.selenium.support.PageFactory.initElements(PageFactory.java:105)
at com.qualitrix.pageActions.DikshaMainPageActions.<init>(DikshaMainPageActions.java:38)
at com.qualitrrix.test.regression.CourseConsumption2.getDikshaMainPageActions(CourseConsumption2.java:23)
at com.qualitrrix.test.regression.CourseConsumption2.verifyUserAbleToConsumeCourseWithQuestionSetSmoothly(CourseConsumption2.java:1209)
at java.util.ArrayList.forEach(ArrayList.java:1259)
at java.util.concurrent.FutureTask.run(FutureTask.java:266)
at java.util.concurrent.ThreadPoolExecutor.runWorker(ThreadPoolExecutor.java:1149)
at java.util.concurrent.ThreadPoolExecutor$Worker.run(ThreadPoolExecutor.java:624)
at java.lang.Thread.run(Thread.java:748)
... Removed 22 stack frames]]>
    </failure>
  </testcase> <!-- verifyUserAbleToConsumeCourseWithQuestionSetSmoothly -->
  <testcase name="verifyUserAbleToConsumeOngoingCourseFromMyCourseSection" time="0.004" classname="com.qualitrrix.test.regression.CourseConsumption2">
    <failure type="java.lang.IllegalArgumentException" message="Can not set io.appium.java_client.MobileElement field com.qualitrix.pageObjects.DikshaMainPageObjects.sltLang to org.openqa.selenium.remote.RemoteWebElement$$EnhancerByCGLIB$$d27c0df4">
      <![CDATA[java.lang.IllegalArgumentException: Can not set io.appium.java_client.MobileElement field com.qualitrix.pageObjects.DikshaMainPageObjects.sltLang to org.openqa.selenium.remote.RemoteWebElement$$EnhancerByCGLIB$$d27c0df4
at org.openqa.selenium.support.PageFactory.proxyFields(PageFactory.java:117)
at org.openqa.selenium.support.PageFactory.initElements(PageFactory.java:105)
at com.qualitrix.pageActions.DikshaMainPageActions.<init>(DikshaMainPageActions.java:38)
at com.qualitrrix.test.regression.CourseConsumption2.getDikshaMainPageActions(CourseConsumption2.java:23)
at com.qualitrrix.test.regression.CourseConsumption2.verifyUserAbleToConsumeOngoingCourseFromMyCourseSection(CourseConsumption2.java:667)
at java.util.ArrayList.forEach(ArrayList.java:1259)
at java.util.concurrent.FutureTask.run(FutureTask.java:266)
at java.util.concurrent.ThreadPoolExecutor.runWorker(ThreadPoolExecutor.java:1149)
at java.util.concurrent.ThreadPoolExecutor$Worker.run(ThreadPoolExecutor.java:624)
at java.lang.Thread.run(Thread.java:748)
... Removed 22 stack frames]]>
    </failure>
  </testcase> <!-- verifyUserAbleToConsumeOngoingCourseFromMyCourseSection -->
  <testcase name="verifyUserAbleToJoinCoursePostClickingJoinCourseBtnForAlreadyCreatedUpcomingBatchCourse" time="0.014" classname="com.qualitrrix.test.regression.CourseConsumption2">
    <failure type="java.lang.IllegalArgumentException" message="Can not set io.appium.java_client.MobileElement field com.qualitrix.pageObjects.DikshaMainPageObjects.sltLang to org.openqa.selenium.remote.RemoteWebElement$$EnhancerByCGLIB$$d27c0df4">
      <![CDATA[java.lang.IllegalArgumentException: Can not set io.appium.java_client.MobileElement field com.qualitrix.pageObjects.DikshaMainPageObjects.sltLang to org.openqa.selenium.remote.RemoteWebElement$$EnhancerByCGLIB$$d27c0df4
at org.openqa.selenium.support.PageFactory.proxyFields(PageFactory.java:117)
at org.openqa.selenium.support.PageFactory.initElements(PageFactory.java:105)
at com.qualitrix.pageActions.DikshaMainPageActions.<init>(DikshaMainPageActions.java:38)
at com.qualitrrix.test.regression.CourseConsumption2.verifyUserAbleToJoinCoursePostClickingJoinCourseBtnForAlreadyCreatedUpcomingBatchCourse(CourseConsumption2.java:2138)
at java.util.ArrayList.forEach(ArrayList.java:1259)
at java.util.concurrent.FutureTask.run(FutureTask.java:266)
at java.util.concurrent.ThreadPoolExecutor.runWorker(ThreadPoolExecutor.java:1149)
at java.util.concurrent.ThreadPoolExecutor$Worker.run(ThreadPoolExecutor.java:624)
at java.lang.Thread.run(Thread.java:748)
... Removed 22 stack frames]]>
    </failure>
  </testcase> <!-- verifyUserAbleToJoinCoursePostClickingJoinCourseBtnForAlreadyCreatedUpcomingBatchCourse -->
  <testcase name="verifyUserAbleToSeeProfileNameChangePopupPostClickingStartLearningBtnInCourse" time="0.004" classname="com.qualitrrix.test.regression.CourseConsumption2">
    <failure type="java.lang.IllegalArgumentException" message="Can not set io.appium.java_client.MobileElement field com.qualitrix.pageObjects.DikshaMainPageObjects.sltLang to org.openqa.selenium.remote.RemoteWebElement$$EnhancerByCGLIB$$d27c0df4">
      <![CDATA[java.lang.IllegalArgumentException: Can not set io.appium.java_client.MobileElement field com.qualitrix.pageObjects.DikshaMainPageObjects.sltLang to org.openqa.selenium.remote.RemoteWebElement$$EnhancerByCGLIB$$d27c0df4
at org.openqa.selenium.support.PageFactory.proxyFields(PageFactory.java:117)
at org.openqa.selenium.support.PageFactory.initElements(PageFactory.java:105)
at com.qualitrix.pageActions.DikshaMainPageActions.<init>(DikshaMainPageActions.java:38)
at com.qualitrrix.test.regression.CourseConsumption2.getDikshaMainPageActions(CourseConsumption2.java:23)
at com.qualitrrix.test.regression.CourseConsumption2.verifyUserAbleToSeeProfileNameChangePopupPostClickingStartLearningBtnInCourse(CourseConsumption2.java:631)
at java.util.ArrayList.forEach(ArrayList.java:1259)
at java.util.concurrent.FutureTask.run(FutureTask.java:266)
at java.util.concurrent.ThreadPoolExecutor.runWorker(ThreadPoolExecutor.java:1149)
at java.util.concurrent.ThreadPoolExecutor$Worker.run(ThreadPoolExecutor.java:624)
at java.lang.Thread.run(Thread.java:748)
... Removed 22 stack frames]]>
    </failure>
  </testcase> <!-- verifyUserAbleToSeeProfileNameChangePopupPostClickingStartLearningBtnInCourse -->
  <testcase name="verifyUserAbleToSeeProfileNameChangePopupPostClickingStartLearningBtnInTrackableBook" time="0.008" classname="com.qualitrrix.test.regression.CourseConsumption2">
    <failure type="java.lang.IllegalArgumentException" message="Can not set io.appium.java_client.MobileElement field com.qualitrix.pageObjects.DikshaMainPageObjects.sltLang to org.openqa.selenium.remote.RemoteWebElement$$EnhancerByCGLIB$$d27c0df4">
      <![CDATA[java.lang.IllegalArgumentException: Can not set io.appium.java_client.MobileElement field com.qualitrix.pageObjects.DikshaMainPageObjects.sltLang to org.openqa.selenium.remote.RemoteWebElement$$EnhancerByCGLIB$$d27c0df4
at org.openqa.selenium.support.PageFactory.proxyFields(PageFactory.java:117)
at org.openqa.selenium.support.PageFactory.initElements(PageFactory.java:105)
at com.qualitrix.pageActions.DikshaMainPageActions.<init>(DikshaMainPageActions.java:38)
at com.qualitrrix.test.regression.CourseConsumption2.getDikshaMainPageActions(CourseConsumption2.java:23)
at com.qualitrrix.test.regression.CourseConsumption2.verifyUserAbleToSeeProfileNameChangePopupPostClickingStartLearningBtnInTrackableBook(CourseConsumption2.java:417)
at java.util.ArrayList.forEach(ArrayList.java:1259)
at java.util.concurrent.FutureTask.run(FutureTask.java:266)
at java.util.concurrent.ThreadPoolExecutor.runWorker(ThreadPoolExecutor.java:1149)
at java.util.concurrent.ThreadPoolExecutor$Worker.run(ThreadPoolExecutor.java:624)
at java.lang.Thread.run(Thread.java:748)
... Removed 22 stack frames]]>
    </failure>
  </testcase> <!-- verifyUserAbleToSeeProfileNameChangePopupPostClickingStartLearningBtnInTrackableBook -->
  <testcase name="verifyUserAbleToSeeProfileNameChangePopupPostClickingStartLearningBtnInTrackableCollection" time="0.003" classname="com.qualitrrix.test.regression.CourseConsumption2">
    <failure type="java.lang.IllegalArgumentException" message="Can not set io.appium.java_client.MobileElement field com.qualitrix.pageObjects.DikshaMainPageObjects.sltLang to org.openqa.selenium.remote.RemoteWebElement$$EnhancerByCGLIB$$d27c0df4">
      <![CDATA[java.lang.IllegalArgumentException: Can not set io.appium.java_client.MobileElement field com.qualitrix.pageObjects.DikshaMainPageObjects.sltLang to org.openqa.selenium.remote.RemoteWebElement$$EnhancerByCGLIB$$d27c0df4
at org.openqa.selenium.support.PageFactory.proxyFields(PageFactory.java:117)
at org.openqa.selenium.support.PageFactory.initElements(PageFactory.java:105)
at com.qualitrix.pageActions.DikshaMainPageActions.<init>(DikshaMainPageActions.java:38)
at com.qualitrrix.test.regression.CourseConsumption2.getDikshaMainPageActions(CourseConsumption2.java:23)
at com.qualitrrix.test.regression.CourseConsumption2.verifyUserAbleToSeeProfileNameChangePopupPostClickingStartLearningBtnInTrackableCollection(CourseConsumption2.java:382)
at java.util.ArrayList.forEach(ArrayList.java:1259)
at java.util.concurrent.FutureTask.run(FutureTask.java:266)
at java.util.concurrent.ThreadPoolExecutor.runWorker(ThreadPoolExecutor.java:1149)
at java.util.concurrent.ThreadPoolExecutor$Worker.run(ThreadPoolExecutor.java:624)
at java.lang.Thread.run(Thread.java:748)
... Removed 22 stack frames]]>
    </failure>
  </testcase> <!-- verifyUserAbleToSeeProfileNameChangePopupPostClickingStartLearningBtnInTrackableCollection -->
  <testcase name="verifyUserIsNotAllowedToTakeMoreThanMaximumAttemptsSetInACourse" time="0.004" classname="com.qualitrrix.test.regression.CourseConsumption2">
    <failure type="java.lang.IllegalArgumentException" message="Can not set io.appium.java_client.MobileElement field com.qualitrix.pageObjects.DikshaMainPageObjects.sltLang to org.openqa.selenium.remote.RemoteWebElement$$EnhancerByCGLIB$$d27c0df4">
      <![CDATA[java.lang.IllegalArgumentException: Can not set io.appium.java_client.MobileElement field com.qualitrix.pageObjects.DikshaMainPageObjects.sltLang to org.openqa.selenium.remote.RemoteWebElement$$EnhancerByCGLIB$$d27c0df4
at org.openqa.selenium.support.PageFactory.proxyFields(PageFactory.java:117)
at org.openqa.selenium.support.PageFactory.initElements(PageFactory.java:105)
at com.qualitrix.pageActions.DikshaMainPageActions.<init>(DikshaMainPageActions.java:38)
at com.qualitrrix.test.regression.CourseConsumption2.getDikshaMainPageActions(CourseConsumption2.java:23)
at com.qualitrrix.test.regression.CourseConsumption2.verifyUserIsNotAllowedToTakeMoreThanMaximumAttemptsSetInACourse(CourseConsumption2.java:2082)
at java.util.ArrayList.forEach(ArrayList.java:1259)
at java.util.concurrent.FutureTask.run(FutureTask.java:266)
at java.util.concurrent.ThreadPoolExecutor.runWorker(ThreadPoolExecutor.java:1149)
at java.util.concurrent.ThreadPoolExecutor$Worker.run(ThreadPoolExecutor.java:624)
at java.lang.Thread.run(Thread.java:748)
... Removed 22 stack frames]]>
    </failure>
  </testcase> <!-- verifyUserIsNotAllowedToTakeMoreThanMaximumAttemptsSetInACourse -->
  <testcase name="verifyUserNotAbleToSeeLastUpdatedMsgPostUnenrolledFromCourse" time="0.002" classname="com.qualitrrix.test.regression.CourseConsumption2">
    <failure type="java.lang.IllegalArgumentException" message="Can not set io.appium.java_client.MobileElement field com.qualitrix.pageObjects.DikshaMainPageObjects.sltLang to org.openqa.selenium.remote.RemoteWebElement$$EnhancerByCGLIB$$d27c0df4">
      <![CDATA[java.lang.IllegalArgumentException: Can not set io.appium.java_client.MobileElement field com.qualitrix.pageObjects.DikshaMainPageObjects.sltLang to org.openqa.selenium.remote.RemoteWebElement$$EnhancerByCGLIB$$d27c0df4
at org.openqa.selenium.support.PageFactory.proxyFields(PageFactory.java:117)
at org.openqa.selenium.support.PageFactory.initElements(PageFactory.java:105)
at com.qualitrix.pageActions.DikshaMainPageActions.<init>(DikshaMainPageActions.java:38)
at com.qualitrrix.test.regression.CourseConsumption2.getDikshaMainPageActions(CourseConsumption2.java:23)
at com.qualitrrix.test.regression.CourseConsumption2.verifyUserNotAbleToSeeLastUpdatedMsgPostUnenrolledFromCourse(CourseConsumption2.java:1377)
at java.util.ArrayList.forEach(ArrayList.java:1259)
at java.util.concurrent.FutureTask.run(FutureTask.java:266)
at java.util.concurrent.ThreadPoolExecutor.runWorker(ThreadPoolExecutor.java:1149)
at java.util.concurrent.ThreadPoolExecutor$Worker.run(ThreadPoolExecutor.java:624)
at java.lang.Thread.run(Thread.java:748)
... Removed 22 stack frames]]>
    </failure>
  </testcase> <!-- verifyUserNotAbleToSeeLastUpdatedMsgPostUnenrolledFromCourse -->
</testsuite> <!-- Test -->
