<?xml version="1.0" encoding="UTF-8"?>
<testng-results skipped="0" failed="0" ignored="0" total="0" passed="0">
  <reporter-output>
  </reporter-output>
  <suite name="Qualitrix Suite" duration-ms="0" started-at="2023-08-14T20:28:11 IST" finished-at="2023-08-14T20:28:11 IST">
    <groups>
      <group name="FunctionalTest">
        <method signature="CourseConsumption.AnonymousUserFilterApplyInTrainingTab()[pri:0, instance:com.qualitrrix.test.regression.CourseConsumption@7334aada]" name="AnonymousUserFilterApplyInTrainingTab" class="com.qualitrrix.test.regression.CourseConsumption"/>
        <method signature="CourseConsumption.CourseTOCPageVerify()[pri:0, instance:com.qualitrrix.test.regression.CourseConsumption@7334aada]" name="CourseTOCPageVerify" class="com.qualitrrix.test.regression.CourseConsumption"/>
        <method signature="CourseConsumption.JoinTrainLoginPageHasGmailLogin()[pri:0, instance:com.qualitrrix.test.regression.CourseConsumption@7334aada]" name="JoinTrainLoginPageHasGmailLogin" class="com.qualitrrix.test.regression.CourseConsumption"/>
        <method signature="CourseConsumption.RecentlySearchedKeyWorkdVerify()[pri:0, instance:com.qualitrrix.test.regression.CourseConsumption@7334aada]" name="RecentlySearchedKeyWorkdVerify" class="com.qualitrrix.test.regression.CourseConsumption"/>
        <method signature="CourseConsumption.anonymousUserAbleToSearchCourse()[pri:0, instance:com.qualitrrix.test.regression.CourseConsumption@7334aada]" name="anonymousUserAbleToSearchCourse" class="com.qualitrrix.test.regression.CourseConsumption"/>
        <method signature="CourseConsumption.verifyUserAbleToDownloadTheContent()[pri:0, instance:com.qualitrrix.test.regression.CourseConsumption@7334aada]" name="verifyUserAbleToDownloadTheContent" class="com.qualitrrix.test.regression.CourseConsumption"/>
        <method signature="CourseConsumption.verifyUserAbleToEnrollConsumeCourseContent()[pri:0, instance:com.qualitrrix.test.regression.CourseConsumption@7334aada]" name="verifyUserAbleToEnrollConsumeCourseContent" class="com.qualitrrix.test.regression.CourseConsumption"/>
        <method signature="CourseConsumption2.courseNameInProfileTab()[pri:0, instance:com.qualitrrix.test.regression.CourseConsumption2@1d9b7cce]" name="courseNameInProfileTab" class="com.qualitrrix.test.regression.CourseConsumption2"/>
        <method signature="CourseConsumption2.verifyCertificateDetailsPreAndPostConsumeCourse()[pri:0, instance:com.qualitrrix.test.regression.CourseConsumption2@1d9b7cce]" name="verifyCertificateDetailsPreAndPostConsumeCourse" class="com.qualitrrix.test.regression.CourseConsumption2"/>
        <method signature="CourseConsumption2.verifyCourseSharing()[pri:0, instance:com.qualitrrix.test.regression.CourseConsumption2@1d9b7cce]" name="verifyCourseSharing" class="com.qualitrrix.test.regression.CourseConsumption2"/>
        <method signature="CourseConsumption2.verifyLeaveTraining()[pri:0, instance:com.qualitrrix.test.regression.CourseConsumption2@1d9b7cce]" name="verifyLeaveTraining" class="com.qualitrrix.test.regression.CourseConsumption2"/>
      </group> <!-- FunctionalTest -->
      <group name="SanityTest">
        <method signature="CourseConsumption.AnonymousUserFilterApplyInTrainingTab()[pri:0, instance:com.qualitrrix.test.regression.CourseConsumption@7334aada]" name="AnonymousUserFilterApplyInTrainingTab" class="com.qualitrrix.test.regression.CourseConsumption"/>
        <method signature="CourseConsumption.CourseTOCPageVerify()[pri:0, instance:com.qualitrrix.test.regression.CourseConsumption@7334aada]" name="CourseTOCPageVerify" class="com.qualitrrix.test.regression.CourseConsumption"/>
        <method signature="CourseConsumption.JoinTrainLoginPageHasGmailLogin()[pri:0, instance:com.qualitrrix.test.regression.CourseConsumption@7334aada]" name="JoinTrainLoginPageHasGmailLogin" class="com.qualitrrix.test.regression.CourseConsumption"/>
        <method signature="CourseConsumption.RecentlySearchedKeyWorkdVerify()[pri:0, instance:com.qualitrrix.test.regression.CourseConsumption@7334aada]" name="RecentlySearchedKeyWorkdVerify" class="com.qualitrrix.test.regression.CourseConsumption"/>
        <method signature="CourseConsumption.anonymousUserAbleToSearchCourse()[pri:0, instance:com.qualitrrix.test.regression.CourseConsumption@7334aada]" name="anonymousUserAbleToSearchCourse" class="com.qualitrrix.test.regression.CourseConsumption"/>
        <method signature="CourseConsumption.verifyUserAbleToDownloadTheContent()[pri:0, instance:com.qualitrrix.test.regression.CourseConsumption@7334aada]" name="verifyUserAbleToDownloadTheContent" class="com.qualitrrix.test.regression.CourseConsumption"/>
        <method signature="CourseConsumption.verifyUserAbleToEnrollConsumeCourseContent()[pri:0, instance:com.qualitrrix.test.regression.CourseConsumption@7334aada]" name="verifyUserAbleToEnrollConsumeCourseContent" class="com.qualitrrix.test.regression.CourseConsumption"/>
        <method signature="CourseConsumption2.courseNameInProfileTab()[pri:0, instance:com.qualitrrix.test.regression.CourseConsumption2@1d9b7cce]" name="courseNameInProfileTab" class="com.qualitrrix.test.regression.CourseConsumption2"/>
        <method signature="CourseConsumption2.verifyCertificateDetailsPreAndPostConsumeCourse()[pri:0, instance:com.qualitrrix.test.regression.CourseConsumption2@1d9b7cce]" name="verifyCertificateDetailsPreAndPostConsumeCourse" class="com.qualitrrix.test.regression.CourseConsumption2"/>
        <method signature="CourseConsumption2.verifyCourseSharing()[pri:0, instance:com.qualitrrix.test.regression.CourseConsumption2@1d9b7cce]" name="verifyCourseSharing" class="com.qualitrrix.test.regression.CourseConsumption2"/>
        <method signature="CourseConsumption2.verifyLeaveTraining()[pri:0, instance:com.qualitrrix.test.regression.CourseConsumption2@1d9b7cce]" name="verifyLeaveTraining" class="com.qualitrrix.test.regression.CourseConsumption2"/>
      </group> <!-- SanityTest -->
    </groups>
  </suite> <!-- Qualitrix Suite -->
</testng-results>
